ARM GAS  C:\Users\Oskari\AppData\Local\Temp\cc00NhJ5.s 			page 1


   1              		.syntax unified
   2              		.cpu cortex-m3
   3              		.fpu softvfp
   4              		.eabi_attribute 20, 1
   5              		.eabi_attribute 21, 1
   6              		.eabi_attribute 23, 3
   7              		.eabi_attribute 24, 1
   8              		.eabi_attribute 25, 1
   9              		.eabi_attribute 26, 1
  10              		.eabi_attribute 30, 1
  11              		.eabi_attribute 34, 1
  12              		.eabi_attribute 18, 4
  13              		.thumb
  14              		.file	"main.c"
  15              		.text
  16              	.Ltext0:
  17              		.cfi_sections	.debug_frame
  18              		.global	__aeabi_i2d
  19              		.global	__aeabi_dmul
  20              		.global	__aeabi_dsub
  21              		.global	__aeabi_ddiv
  22              		.global	__aeabi_dcmpge
  23              		.global	__aeabi_dadd
  24              		.global	__aeabi_d2uiz
  25              		.section	.text.main,"ax",%progbits
  26              		.align	2
  27              		.global	main
  28              		.thumb
  29              		.thumb_func
  30              		.type	main, %function
  31              	main:
  32              	.LFB63:
  33              		.file 1 "main.c"
   1:main.c        **** #include <project.h>
   2:main.c        **** #include <stdio.h>
   3:main.c        **** #include "Motor.h"
   4:main.c        **** #include "Ultra.h"
   5:main.c        **** #include "Nunchuk.h"
   6:main.c        **** #include "Reflectance.h"
   7:main.c        **** #include "I2C_made.h"
   8:main.c        **** #include "Gyro.h"
   9:main.c        **** #include "Accel_magnet.h"
  10:main.c        **** #include "IR.h"
  11:main.c        **** #include "Ambient.h"
  12:main.c        **** #include "Beep.h"
  13:main.c        **** #include "math.h"
  14:main.c        **** 
  15:main.c        **** int rread(void);
  16:main.c        **** 
  17:main.c        **** int main()
  18:main.c        **** {
  34              		.loc 1 18 0
  35              		.cfi_startproc
  36              		@ args = 0, pretend = 0, frame = 24
  37              		@ frame_needed = 0, uses_anonymous_args = 0
  38 0000 2DE9F047 		push	{r4, r5, r6, r7, r8, r9, r10, lr}
  39              		.cfi_def_cfa_offset 32
ARM GAS  C:\Users\Oskari\AppData\Local\Temp\cc00NhJ5.s 			page 2


  40              		.cfi_offset 4, -32
  41              		.cfi_offset 5, -28
  42              		.cfi_offset 6, -24
  43              		.cfi_offset 7, -20
  44              		.cfi_offset 8, -16
  45              		.cfi_offset 9, -12
  46              		.cfi_offset 10, -8
  47              		.cfi_offset 14, -4
  48 0004 86B0     		sub	sp, sp, #24
  49              		.cfi_def_cfa_offset 56
  19:main.c        ****     struct sensors_ ref;
  20:main.c        ****     struct sensors_ dig;
  21:main.c        ****     CyGlobalIntEnable; 
  50              		.loc 1 21 0
  51              	@ 21 "main.c" 1
  52 0006 62B6     		CPSIE   i
  53              	@ 0 "" 2
  22:main.c        ****     UART_1_Start();
  54              		.loc 1 22 0
  55              		.thumb
  56 0008 FFF7FEFF 		bl	UART_1_Start
  57              	.LVL0:
  23:main.c        ****   
  24:main.c        ****     int vase;
  25:main.c        ****     int oikee;
  26:main.c        ****     int speedmax = 254;
  27:main.c        ****     double speedOtupla;
  28:main.c        ****     double speedVtupla;
  29:main.c        ****     int mustaviiva = 1;
  30:main.c        **** 
  31:main.c        ****     //starters
  32:main.c        ****     
  33:main.c        ****     reflectance_start();
  58              		.loc 1 33 0
  59 000c FFF7FEFF 		bl	reflectance_start
  60              	.LVL1:
  34:main.c        ****     ADC_Battery_Start();
  61              		.loc 1 34 0
  62 0010 FFF7FEFF 		bl	ADC_Battery_Start
  63              	.LVL2:
  35:main.c        ****     motor_start();
  64              		.loc 1 35 0
  65 0014 FFF7FEFF 		bl	motor_start
  66              	.LVL3:
  36:main.c        ****     IR_led_Write(1);
  67              		.loc 1 36 0
  68 0018 0120     		movs	r0, #1
  69 001a FFF7FEFF 		bl	IR_led_Write
  70              	.LVL4:
  37:main.c        ****     sensor_isr_StartEx(sensor_isr_handler);
  71              		.loc 1 37 0
  72 001e 9848     		ldr	r0, .L23+40
  73 0020 FFF7FEFF 		bl	sensor_isr_StartEx
  74              	.LVL5:
  38:main.c        ****     
  39:main.c        ****     int16 adcresult =0;
  40:main.c        ****     float volts = 0.0;
ARM GAS  C:\Users\Oskari\AppData\Local\Temp\cc00NhJ5.s 			page 3


  41:main.c        ****     
  42:main.c        ****     printf("\nBoot\n");
  75              		.loc 1 42 0
  76 0024 9748     		ldr	r0, .L23+44
  77 0026 FFF7FEFF 		bl	puts
  78              	.LVL6:
  43:main.c        **** 
  44:main.c        ****     //BatteryLed_Write(1); // Switch led on 
  45:main.c        ****     BatteryLed_Write(0); // Switch led off 
  79              		.loc 1 45 0
  80 002a 0020     		movs	r0, #0
  81 002c FFF7FEFF 		bl	BatteryLed_Write
  82              	.LVL7:
  29:main.c        **** 
  83              		.loc 1 29 0
  84 0030 4FF0010A 		mov	r10, #1
  85              	.LVL8:
  86              	.L2:
  87              	.LBB2:
  46:main.c        ****     //uint8 button;
  47:main.c        ****     //button = SW1_Read(); // read SW1 on pSoC board
  48:main.c        ****     
  49:main.c        ****     
  50:main.c        ****     
  51:main.c        ****     /*for (;;){
  52:main.c        ****         
  53:main.c        ****             ADC_Battery_StartConvert();
  54:main.c        ****             if(ADC_Battery_IsEndConversion(ADC_Battery_WAIT_FOR_RESULT)) {   // wait for get ADC co
  55:main.c        ****                 adcresult = ADC_Battery_GetResult16();
  56:main.c        ****                 volts = ADC_Battery_CountsTo_Volts(adcresult);                  // convert value to
  57:main.c        ****     
  58:main.c        ****                 float realvolts = volts * 1.5;
  59:main.c        ****     
  60:main.c        ****                 // If you want to print value
  61:main.c        ****                  //printf("%d %f\r\n",adcresult, realvolts);
  62:main.c        ****             
  63:main.c        ****                 // jos volttim채채r채 pattereissa putoaa alle 4 niin pys채ytt채채 moottorit
  64:main.c        **** 
  65:main.c        ****                 if (realvolts< 4){
  66:main.c        ****                     printf("AKKULOPPU\n");
  67:main.c        ****                     motor_stop();
  68:main.c        ****                 }
  69:main.c        ****             }
  70:main.c        ****     }*/
  71:main.c        ****     
  72:main.c        ****     
  73:main.c        ****     for(;;)
  74:main.c        ****     {
  75:main.c        ****         reflectance_read(&ref);
  88              		.loc 1 75 0
  89 0034 04A8     		add	r0, sp, #16
  90 0036 FFF7FEFF 		bl	reflectance_read
  91              	.LVL9:
  76:main.c        ****        // printf("%d %d %d %d \r\n", ref.l3-5735, ref.l1-4874, ref.r1-4816, ref.r3-7000);       //p
  77:main.c        ****         reflectance_digital(&dig);      //print out 0 or 1 according to results of reflectance peri
  92              		.loc 1 77 0
  93 003a 02A8     		add	r0, sp, #8
ARM GAS  C:\Users\Oskari\AppData\Local\Temp\cc00NhJ5.s 			page 4


  94 003c FFF7FEFF 		bl	reflectance_digital
  95              	.LVL10:
  78:main.c        ****        // printf("%d %d %d %d \r\n", dig.l3, dig.l1, dig.r1, dig.r3);       //print out 0 or 1 acco
  79:main.c        ****         
  80:main.c        ****         CyDelay(5);
  96              		.loc 1 80 0
  97 0040 0520     		movs	r0, #5
  98 0042 FFF7FEFF 		bl	CyDelay
  99              	.LVL11:
  81:main.c        ****         
  82:main.c        ****         // matikkaa
  83:main.c        ****             oikee = ref.r1 + 500;
 100              		.loc 1 83 0
 101 0046 BDF81420 		ldrh	r2, [sp, #20]
 102 004a 02F5FA79 		add	r9, r2, #500
 103              	.LVL12:
  84:main.c        ****             vase = ref.l1 + 500;
 104              		.loc 1 84 0
 105 004e BDF81230 		ldrh	r3, [sp, #18]
 106 0052 03F5FA78 		add	r8, r3, #500
 107              	.LVL13:
  85:main.c        ****         
  86:main.c        **** 
  87:main.c        ****             if (oikee<=11000){
 108              		.loc 1 87 0
 109 0056 42F6F821 		movw	r1, #11000
 110 005a 8945     		cmp	r9, r1
 111 005c 01DC     		bgt	.L3
  88:main.c        ****                 oikee=ref.r1/2;
 112              		.loc 1 88 0
 113 005e 4FEA5209 		lsr	r9, r2, #1
 114              	.LVL14:
 115              	.L3:
  89:main.c        ****             }
  90:main.c        ****             if (vase<=11000){
 116              		.loc 1 90 0
 117 0062 42F6F822 		movw	r2, #11000
 118 0066 9045     		cmp	r8, r2
 119 0068 01DC     		bgt	.L4
  91:main.c        ****                 vase=ref.l1/2;
 120              		.loc 1 91 0
 121 006a 4FEA5308 		lsr	r8, r3, #1
 122              	.LVL15:
 123              	.L4:
  92:main.c        ****             }
  93:main.c        **** 
  94:main.c        ****             //k채yt채mme zumon mittaamia IR arvoja ja muunnamme ne nopeudeksi toisen asteen yht채l
  95:main.c        ****             double speedO = ((0.391571*oikee*oikee)-(3.84672*oikee)-227.19)/1000000;
 124              		.loc 1 95 0
 125 006e 4846     		mov	r0, r9
 126 0070 FFF7FEFF 		bl	__aeabi_i2d
 127              	.LVL16:
 128 0074 0446     		mov	r4, r0
 129 0076 0D46     		mov	r5, r1
 130 0078 77A3     		adr	r3, .L23
 131 007a D3E90023 		ldrd	r2, [r3]
 132 007e FFF7FEFF 		bl	__aeabi_dmul
ARM GAS  C:\Users\Oskari\AppData\Local\Temp\cc00NhJ5.s 			page 5


 133              	.LVL17:
 134 0082 0246     		mov	r2, r0
 135 0084 0B46     		mov	r3, r1
 136 0086 2046     		mov	r0, r4
 137 0088 2946     		mov	r1, r5
 138 008a FFF7FEFF 		bl	__aeabi_dmul
 139              	.LVL18:
 140 008e 0646     		mov	r6, r0
 141 0090 0F46     		mov	r7, r1
 142 0092 2046     		mov	r0, r4
 143 0094 2946     		mov	r1, r5
 144 0096 72A3     		adr	r3, .L23+8
 145 0098 D3E90023 		ldrd	r2, [r3]
 146 009c FFF7FEFF 		bl	__aeabi_dmul
 147              	.LVL19:
 148 00a0 0246     		mov	r2, r0
 149 00a2 0B46     		mov	r3, r1
 150 00a4 3046     		mov	r0, r6
 151 00a6 3946     		mov	r1, r7
 152 00a8 FFF7FEFF 		bl	__aeabi_dsub
 153              	.LVL20:
 154 00ac 6EA3     		adr	r3, .L23+16
 155 00ae D3E90023 		ldrd	r2, [r3]
 156 00b2 FFF7FEFF 		bl	__aeabi_dsub
 157              	.LVL21:
 158 00b6 6EA3     		adr	r3, .L23+24
 159 00b8 D3E90023 		ldrd	r2, [r3]
 160 00bc FFF7FEFF 		bl	__aeabi_ddiv
 161              	.LVL22:
 162 00c0 0646     		mov	r6, r0
 163 00c2 0F46     		mov	r7, r1
 164              	.LVL23:
  96:main.c        ****             double speedV = ((0.391571*vase*vase)-(3.84672*vase)-227.19)/1000000;
 165              		.loc 1 96 0
 166 00c4 4046     		mov	r0, r8
 167 00c6 FFF7FEFF 		bl	__aeabi_i2d
 168              	.LVL24:
 169 00ca 0446     		mov	r4, r0
 170 00cc 0D46     		mov	r5, r1
 171 00ce 62A3     		adr	r3, .L23
 172 00d0 D3E90023 		ldrd	r2, [r3]
 173 00d4 FFF7FEFF 		bl	__aeabi_dmul
 174              	.LVL25:
 175 00d8 0246     		mov	r2, r0
 176 00da 0B46     		mov	r3, r1
 177 00dc 2046     		mov	r0, r4
 178 00de 2946     		mov	r1, r5
 179 00e0 FFF7FEFF 		bl	__aeabi_dmul
 180              	.LVL26:
 181 00e4 CDE90001 		strd	r0, [sp]
 182 00e8 2046     		mov	r0, r4
 183 00ea 2946     		mov	r1, r5
 184 00ec 5CA3     		adr	r3, .L23+8
 185 00ee D3E90023 		ldrd	r2, [r3]
 186 00f2 FFF7FEFF 		bl	__aeabi_dmul
 187              	.LVL27:
 188 00f6 0246     		mov	r2, r0
ARM GAS  C:\Users\Oskari\AppData\Local\Temp\cc00NhJ5.s 			page 6


 189 00f8 0B46     		mov	r3, r1
 190 00fa DDE90001 		ldrd	r0, [sp]
 191 00fe FFF7FEFF 		bl	__aeabi_dsub
 192              	.LVL28:
 193 0102 59A3     		adr	r3, .L23+16
 194 0104 D3E90023 		ldrd	r2, [r3]
 195 0108 FFF7FEFF 		bl	__aeabi_dsub
 196              	.LVL29:
 197 010c 58A3     		adr	r3, .L23+24
 198 010e D3E90023 		ldrd	r2, [r3]
 199 0112 FFF7FEFF 		bl	__aeabi_ddiv
 200              	.LVL30:
 201 0116 0446     		mov	r4, r0
 202 0118 0D46     		mov	r5, r1
 203              	.LVL31:
  97:main.c        ****             
  98:main.c        ****             //muunnamme doublen intiksi
  99:main.c        ****             int speedOtupla = (int)speedO;
 100:main.c        ****             int speedVtupla = (int)speedV;
 101:main.c        **** 
 102:main.c        ****         
 103:main.c        ****         // asettaa huippunopeuden p채채lle kun tietyt kriteerit t채yttyv채t
 104:main.c        ****         if (speedO >=200){
 204              		.loc 1 104 0
 205 011a 3046     		mov	r0, r6
 206 011c 3946     		mov	r1, r7
 207 011e 0022     		movs	r2, #0
 208 0120 594B     		ldr	r3, .L23+48
 209 0122 FFF7FEFF 		bl	__aeabi_dcmpge
 210              	.LVL32:
 211 0126 10B1     		cbz	r0, .L5
 105:main.c        ****             speedO=speedmax;
 212              		.loc 1 105 0
 213 0128 53A7     		adr	r7, .L23+32
 214 012a D7E90067 		ldrd	r6, [r7]
 215              	.LVL33:
 216              	.L5:
 106:main.c        ****             
 107:main.c        ****         }
 108:main.c        ****         if (speedV >=200){
 217              		.loc 1 108 0
 218 012e 2046     		mov	r0, r4
 219 0130 2946     		mov	r1, r5
 220 0132 0022     		movs	r2, #0
 221 0134 544B     		ldr	r3, .L23+48
 222 0136 FFF7FEFF 		bl	__aeabi_dcmpge
 223              	.LVL34:
 224 013a 10B1     		cbz	r0, .L6
 109:main.c        ****             speedV=speedmax;
 225              		.loc 1 109 0
 226 013c 4EA5     		adr	r5, .L23+32
 227 013e D5E90045 		ldrd	r4, [r5]
 228              	.LVL35:
 229              	.L6:
 110:main.c        ****             
 111:main.c        ****         }
 112:main.c        ****         
ARM GAS  C:\Users\Oskari\AppData\Local\Temp\cc00NhJ5.s 			page 7


 113:main.c        ****         //jos toisen moottorin nopeus laskee tietyn nopeuden alle niin lis채채 toiseen moottoriin n
 114:main.c        ****         if (oikee < 60) {
 230              		.loc 1 114 0
 231 0142 B9F13B0F 		cmp	r9, #59
 232 0146 09DC     		bgt	.L7
 115:main.c        ****             speedV = 220+speedO;
 233              		.loc 1 115 0
 234 0148 3046     		mov	r0, r6
 235 014a 3946     		mov	r1, r7
 236 014c 0022     		movs	r2, #0
 237 014e 4F4B     		ldr	r3, .L23+52
 238 0150 FFF7FEFF 		bl	__aeabi_dadd
 239              	.LVL36:
 240 0154 0446     		mov	r4, r0
 241              	.LVL37:
 242 0156 0D46     		mov	r5, r1
 243              	.LVL38:
 116:main.c        ****             speedO = 0;
 244              		.loc 1 116 0
 245 0158 0026     		movs	r6, #0
 246 015a 0027     		movs	r7, #0
 247              	.LVL39:
 248              	.L7:
 117:main.c        ****         }
 118:main.c        ****         if (vase < 60) {
 249              		.loc 1 118 0
 250 015c B8F13B0F 		cmp	r8, #59
 251 0160 09DC     		bgt	.L8
 119:main.c        ****             speedO = 220+speedV;
 252              		.loc 1 119 0
 253 0162 2046     		mov	r0, r4
 254 0164 2946     		mov	r1, r5
 255 0166 0022     		movs	r2, #0
 256 0168 484B     		ldr	r3, .L23+52
 257 016a FFF7FEFF 		bl	__aeabi_dadd
 258              	.LVL40:
 259 016e 0646     		mov	r6, r0
 260              	.LVL41:
 261 0170 0F46     		mov	r7, r1
 262              	.LVL42:
 120:main.c        ****             speedV = 0;
 263              		.loc 1 120 0
 264 0172 0024     		movs	r4, #0
 265 0174 0025     		movs	r5, #0
 266              	.LVL43:
 267              	.L8:
 121:main.c        ****         }
 122:main.c        ****         if (oikee < 73) {
 268              		.loc 1 122 0
 269 0176 B9F1480F 		cmp	r9, #72
 270 017a 02DC     		bgt	.L9
 123:main.c        ****             speedV = speedmax;
 271              		.loc 1 123 0
 272 017c 3EA5     		adr	r5, .L23+32
 273 017e D5E90045 		ldrd	r4, [r5]
 274              	.LVL44:
 275              	.L9:
ARM GAS  C:\Users\Oskari\AppData\Local\Temp\cc00NhJ5.s 			page 8


 124:main.c        ****                     }
 125:main.c        ****         if (vase < 73) {
 276              		.loc 1 125 0
 277 0182 B8F1480F 		cmp	r8, #72
 278 0186 02DC     		bgt	.L10
 126:main.c        ****             speedO = speedmax;
 279              		.loc 1 126 0
 280 0188 3BA7     		adr	r7, .L23+32
 281 018a D7E90067 		ldrd	r6, [r7]
 282              	.LVL45:
 283              	.L10:
 127:main.c        ****         }
 128:main.c        ****         
 129:main.c        ****         // h채t채tilanteisiin joissa robotti eksyy radalta, k채yt채mme reunimmaisia antureita
 130:main.c        ****         if (ref.r3 > 6000 && dig.l1 == 1 && dig.l3 == 1){
 284              		.loc 1 130 0
 285 018e BDF81620 		ldrh	r2, [sp, #22]
 286 0192 41F27073 		movw	r3, #6000
 287 0196 9A42     		cmp	r2, r3
 288 0198 0CD9     		bls	.L11
 289              		.loc 1 130 0 is_stmt 0 discriminator 1
 290 019a BDF80A30 		ldrh	r3, [sp, #10]
 291 019e 012B     		cmp	r3, #1
 292 01a0 08D1     		bne	.L11
 293              		.loc 1 130 0 discriminator 2
 294 01a2 BDF80830 		ldrh	r3, [sp, #8]
 295 01a6 012B     		cmp	r3, #1
 296 01a8 04D1     		bne	.L11
 131:main.c        ****             speedO = speedmax;
 132:main.c        ****             speedV = 0;
 297              		.loc 1 132 0 is_stmt 1
 298 01aa 0024     		movs	r4, #0
 299              	.LVL46:
 300 01ac 0025     		movs	r5, #0
 131:main.c        ****             speedO = speedmax;
 301              		.loc 1 131 0
 302 01ae 32A7     		adr	r7, .L23+32
 303 01b0 D7E90067 		ldrd	r6, [r7]
 304              	.LVL47:
 305              	.L11:
 133:main.c        ****         }
 134:main.c        ****         if (dig.r3 == 1 && dig.r1 == 1 && ref.l3 > 6000){
 306              		.loc 1 134 0
 307 01b4 BDF80E30 		ldrh	r3, [sp, #14]
 308 01b8 012B     		cmp	r3, #1
 309 01ba 0ED1     		bne	.L12
 310              		.loc 1 134 0 is_stmt 0 discriminator 1
 311 01bc BDF80C30 		ldrh	r3, [sp, #12]
 312 01c0 012B     		cmp	r3, #1
 313 01c2 0AD1     		bne	.L12
 314              		.loc 1 134 0 discriminator 2
 315 01c4 BDF81020 		ldrh	r2, [sp, #16]
 316 01c8 41F27073 		movw	r3, #6000
 317 01cc 9A42     		cmp	r2, r3
 318 01ce 04D9     		bls	.L12
 135:main.c        ****             speedV = speedmax;
 319              		.loc 1 135 0 is_stmt 1
ARM GAS  C:\Users\Oskari\AppData\Local\Temp\cc00NhJ5.s 			page 9


 320 01d0 29A5     		adr	r5, .L23+32
 321 01d2 D5E90045 		ldrd	r4, [r5]
 322              	.LVL48:
 136:main.c        ****             speedO = 0;
 323              		.loc 1 136 0
 324 01d6 0026     		movs	r6, #0
 325              	.LVL49:
 326 01d8 0027     		movs	r7, #0
 327              	.L12:
 328              	.LVL50:
 137:main.c        ****         }
 138:main.c        ****         /*if (ref.l3 > 13000 && ref.l3 < 8000){
 139:main.c        ****             motor_turboturnLeft(255,0);
 140:main.c        ****         }
 141:main.c        ****         if (ref.r3 > 13000 && ref.r3 < 8000){
 142:main.c        ****             motor_turboturnRight(255,0);
 143:main.c        ****         }*/
 144:main.c        ****         
 145:main.c        ****         
 146:main.c        ****         // p채채asiallinen ajaminen, laitteen mittaamat ir arvot muunnetaan suoraan robotin nopeude
 147:main.c        ****              motor_turn(speedO,speedV,0);
 329              		.loc 1 147 0
 330 01da 3046     		mov	r0, r6
 331 01dc 3946     		mov	r1, r7
 332 01de FFF7FEFF 		bl	__aeabi_d2uiz
 333              	.LVL51:
 334 01e2 C6B2     		uxtb	r6, r0
 335              	.LVL52:
 336 01e4 2046     		mov	r0, r4
 337 01e6 2946     		mov	r1, r5
 338 01e8 FFF7FEFF 		bl	__aeabi_d2uiz
 339              	.LVL53:
 340 01ec C4B2     		uxtb	r4, r0
 341              	.LVL54:
 342 01ee 3046     		mov	r0, r6
 343 01f0 2146     		mov	r1, r4
 344 01f2 0022     		movs	r2, #0
 345 01f4 FFF7FEFF 		bl	motor_turn
 346              	.LVL55:
 148:main.c        ****             
 149:main.c        ****             
 150:main.c        ****         // viivoille pys채htyminen ja ohjaimella l채hett채minen
 151:main.c        ****         if(dig.l3 == 0 && dig.l1== 0 && dig.r1== 0 && dig.r3== 0){
 347              		.loc 1 151 0
 348 01f8 BDF80830 		ldrh	r3, [sp, #8]
 349 01fc 002B     		cmp	r3, #0
 350 01fe 7FF419AF 		bne	.L2
 351              		.loc 1 151 0 is_stmt 0 discriminator 1
 352 0202 BDF80A30 		ldrh	r3, [sp, #10]
 353 0206 002B     		cmp	r3, #0
 354 0208 7FF414AF 		bne	.L2
 355              		.loc 1 151 0 discriminator 2
 356 020c BDF80C30 		ldrh	r3, [sp, #12]
 357 0210 002B     		cmp	r3, #0
 358 0212 7FF40FAF 		bne	.L2
 359              		.loc 1 151 0 discriminator 3
 360 0216 BDF80E30 		ldrh	r3, [sp, #14]
ARM GAS  C:\Users\Oskari\AppData\Local\Temp\cc00NhJ5.s 			page 10


 361 021a 002B     		cmp	r3, #0
 362 021c 7FF40AAF 		bne	.L2
 152:main.c        ****         
 153:main.c        ****             // mustaviivo arvo on alussa aina yksi, ja kun se on yksi niin silloin olemme l채ht철vi
 154:main.c        ****             if(mustaviiva==1){
 363              		.loc 1 154 0 is_stmt 1
 364 0220 BAF1010F 		cmp	r10, #1
 365 0224 0BD1     		bne	.L14
 155:main.c        ****                 motor_stop();
 366              		.loc 1 155 0
 367 0226 FFF7FEFF 		bl	motor_stop
 368              	.LVL56:
 156:main.c        ****                 wait_going_down();
 369              		.loc 1 156 0
 370 022a FFF7FEFF 		bl	wait_going_down
 371              	.LVL57:
 157:main.c        ****                 motor_start();
 372              		.loc 1 157 0
 373 022e FFF7FEFF 		bl	motor_start
 374              	.LVL58:
 158:main.c        ****                 motor_turn(speedO,speedV,0);
 375              		.loc 1 158 0
 376 0232 3046     		mov	r0, r6
 377 0234 2146     		mov	r1, r4
 378 0236 0022     		movs	r2, #0
 379 0238 FFF7FEFF 		bl	motor_turn
 380              	.LVL59:
 381 023c 04E0     		b	.L15
 382              	.L14:
 159:main.c        ****                 
 160:main.c        ****             // lis채채 aina yhden mustaviivan kun kulkee semmoisen ohi, joten viimeisell채 eli kolm
 161:main.c        ****             }else if(mustaviiva == 3){
 383              		.loc 1 161 0
 384 023e BAF1030F 		cmp	r10, #3
 385 0242 01D1     		bne	.L15
 162:main.c        ****                 motor_stop();
 386              		.loc 1 162 0
 387 0244 FFF7FEFF 		bl	motor_stop
 388              	.LVL60:
 389              	.L15:
 163:main.c        ****         }
 164:main.c        ****             // viive 92ms on aika joka kuluu kun robotti kulkee yhden viivan yli, testaamalla saatu
 165:main.c        ****             mustaviiva++;
 390              		.loc 1 165 0
 391 0248 0AF1010A 		add	r10, r10, #1
 392              	.LVL61:
 166:main.c        ****             CyDelay(92);
 393              		.loc 1 166 0
 394 024c 5C20     		movs	r0, #92
 395 024e FFF7FEFF 		bl	CyDelay
 396              	.LVL62:
 397 0252 EFE6     		b	.L2
 398              	.L24:
 399 0254 AFF30080 		.align	3
 400              	.L23:
 401 0258 12F8C3CF 		.word	-809240558
 402 025c 7F0FD93F 		.word	1071189887
ARM GAS  C:\Users\Oskari\AppData\Local\Temp\cc00NhJ5.s 			page 11


 403 0260 F5F3A622 		.word	581366773
 404 0264 15C60E40 		.word	1074710037
 405 0268 AE47E17A 		.word	2061584302
 406 026c 14666C40 		.word	1080845844
 407 0270 00000000 		.word	0
 408 0274 80842E41 		.word	1093567616
 409 0278 00000000 		.word	0
 410 027c 00C06F40 		.word	1081065472
 411 0280 00000000 		.word	sensor_isr_handler
 412 0284 00000000 		.word	.LC0
 413 0288 00006940 		.word	1080623104
 414 028c 00806B40 		.word	1080786944
 415              	.LBE2:
 416              		.cfi_endproc
 417              	.LFE63:
 418              		.size	main, .-main
 419              		.section	.text._write,"ax",%progbits
 420              		.align	2
 421              		.global	_write
 422              		.thumb
 423              		.thumb_func
 424              		.type	_write, %function
 425              	_write:
 426              	.LFB64:
 167:main.c        ****     }
 168:main.c        **** 
 169:main.c        ****     }
 170:main.c        ****     
 171:main.c        **** }
 172:main.c        **** 
 173:main.c        **** 
 174:main.c        **** 
 175:main.c        **** #if 0
 176:main.c        **** int rread(void)
 177:main.c        **** {
 178:main.c        ****     SC0_SetDriveMode(PIN_DM_STRONG);
 179:main.c        ****     SC0_Write(1);
 180:main.c        ****     CyDelayUs(10);
 181:main.c        ****     SC0_SetDriveMode(PIN_DM_DIG_HIZ);
 182:main.c        ****     Timer_1_Start();
 183:main.c        ****     uint16_t start = Timer_1_ReadCounter();
 184:main.c        ****     uint16_t end = 0;
 185:main.c        ****     while(!(Timer_1_ReadStatusRegister() & Timer_1_STATUS_TC)) {
 186:main.c        ****         if(SC0_Read() == 0 && end == 0) {
 187:main.c        ****             end = Timer_1_ReadCounter();
 188:main.c        ****         }
 189:main.c        ****     }
 190:main.c        ****     Timer_1_Stop();
 191:main.c        ****     
 192:main.c        ****     return (start - end);
 193:main.c        **** }
 194:main.c        **** #endif
 195:main.c        **** 
 196:main.c        **** /* Don't remove the functions below */
 197:main.c        **** int _write(int file, char *ptr, int len)
 198:main.c        **** {
 427              		.loc 1 198 0
ARM GAS  C:\Users\Oskari\AppData\Local\Temp\cc00NhJ5.s 			page 12


 428              		.cfi_startproc
 429              		@ args = 0, pretend = 0, frame = 0
 430              		@ frame_needed = 0, uses_anonymous_args = 0
 431              	.LVL63:
 432 0000 F8B5     		push	{r3, r4, r5, r6, r7, lr}
 433              		.cfi_def_cfa_offset 24
 434              		.cfi_offset 3, -24
 435              		.cfi_offset 4, -20
 436              		.cfi_offset 5, -16
 437              		.cfi_offset 6, -12
 438              		.cfi_offset 7, -8
 439              		.cfi_offset 14, -4
 440 0002 0C46     		mov	r4, r1
 441 0004 1746     		mov	r7, r2
 442              	.LVL64:
 199:main.c        ****     (void)file; /* Parameter is not used, suppress unused argument warning */
 200:main.c        **** 	int n;
 201:main.c        **** 	for(n = 0; n < len; n++) {
 443              		.loc 1 201 0
 444 0006 0025     		movs	r5, #0
 445 0008 0BE0     		b	.L26
 446              	.LVL65:
 447              	.L28:
 202:main.c        ****         if(*ptr == '\n') UART_1_PutChar('\r');
 448              		.loc 1 202 0
 449 000a 2378     		ldrb	r3, [r4]	@ zero_extendqisi2
 450 000c 0A2B     		cmp	r3, #10
 451 000e 02D1     		bne	.L27
 452              		.loc 1 202 0 is_stmt 0 discriminator 1
 453 0010 0D20     		movs	r0, #13
 454 0012 FFF7FEFF 		bl	UART_1_PutChar
 455              	.LVL66:
 456              	.L27:
 203:main.c        **** 		UART_1_PutChar(*ptr++);
 457              		.loc 1 203 0 is_stmt 1 discriminator 2
 458 0016 661C     		adds	r6, r4, #1
 459              	.LVL67:
 460 0018 2078     		ldrb	r0, [r4]	@ zero_extendqisi2
 461 001a FFF7FEFF 		bl	UART_1_PutChar
 462              	.LVL68:
 201:main.c        ****         if(*ptr == '\n') UART_1_PutChar('\r');
 463              		.loc 1 201 0 discriminator 2
 464 001e 0135     		adds	r5, r5, #1
 465              	.LVL69:
 466              		.loc 1 203 0 discriminator 2
 467 0020 3446     		mov	r4, r6
 468              	.LVL70:
 469              	.L26:
 201:main.c        ****         if(*ptr == '\n') UART_1_PutChar('\r');
 470              		.loc 1 201 0 discriminator 1
 471 0022 BD42     		cmp	r5, r7
 472 0024 F1DB     		blt	.L28
 204:main.c        **** 	}
 205:main.c        **** 	return len;
 206:main.c        **** }
 473              		.loc 1 206 0
 474 0026 3846     		mov	r0, r7
ARM GAS  C:\Users\Oskari\AppData\Local\Temp\cc00NhJ5.s 			page 13


 475 0028 F8BD     		pop	{r3, r4, r5, r6, r7, pc}
 476              		.cfi_endproc
 477              	.LFE64:
 478              		.size	_write, .-_write
 479 002a 00BF     		.section	.text._read,"ax",%progbits
 480              		.align	2
 481              		.global	_read
 482              		.thumb
 483              		.thumb_func
 484              		.type	_read, %function
 485              	_read:
 486              	.LFB65:
 207:main.c        **** 
 208:main.c        **** int _read (int file, char *ptr, int count)
 209:main.c        **** {
 487              		.loc 1 209 0
 488              		.cfi_startproc
 489              		@ args = 0, pretend = 0, frame = 0
 490              		@ frame_needed = 0, uses_anonymous_args = 0
 491              	.LVL71:
 492 0000 F8B5     		push	{r3, r4, r5, r6, r7, lr}
 493              		.cfi_def_cfa_offset 24
 494              		.cfi_offset 3, -24
 495              		.cfi_offset 4, -20
 496              		.cfi_offset 5, -16
 497              		.cfi_offset 6, -12
 498              		.cfi_offset 7, -8
 499              		.cfi_offset 14, -4
 500 0002 0F46     		mov	r7, r1
 501 0004 1446     		mov	r4, r2
 502              	.LVL72:
 210:main.c        ****     int chs = 0;
 503              		.loc 1 210 0
 504 0006 0026     		movs	r6, #0
 211:main.c        ****     char ch;
 212:main.c        ****  
 213:main.c        ****     (void)file; /* Parameter is not used, suppress unused argument warning */
 214:main.c        ****     while(count > 0) {
 505              		.loc 1 214 0
 506 0008 12E0     		b	.L32
 507              	.LVL73:
 508              	.L35:
 215:main.c        ****         ch = UART_1_GetChar();
 509              		.loc 1 215 0
 510 000a FFF7FEFF 		bl	UART_1_GetChar
 511              	.LVL74:
 216:main.c        ****         if(ch != 0) {
 512              		.loc 1 216 0
 513 000e 0546     		mov	r5, r0
 514 0010 70B1     		cbz	r0, .L32
 217:main.c        ****             UART_1_PutChar(ch);
 515              		.loc 1 217 0
 516 0012 FFF7FEFF 		bl	UART_1_PutChar
 517              	.LVL75:
 218:main.c        ****             chs++;
 518              		.loc 1 218 0
 519 0016 0136     		adds	r6, r6, #1
ARM GAS  C:\Users\Oskari\AppData\Local\Temp\cc00NhJ5.s 			page 14


 520              	.LVL76:
 219:main.c        ****             if(ch == '\r') {
 521              		.loc 1 219 0
 522 0018 0D2D     		cmp	r5, #13
 523 001a 03D1     		bne	.L33
 524              	.LVL77:
 220:main.c        ****                 ch = '\n';
 221:main.c        ****                 UART_1_PutChar(ch);
 525              		.loc 1 221 0
 526 001c 0A20     		movs	r0, #10
 527 001e FFF7FEFF 		bl	UART_1_PutChar
 528              	.LVL78:
 220:main.c        ****                 ch = '\n';
 529              		.loc 1 220 0
 530 0022 0A25     		movs	r5, #10
 531              	.LVL79:
 532              	.L33:
 222:main.c        ****             }
 223:main.c        ****             *ptr++ = ch;
 533              		.loc 1 223 0
 534 0024 7B1C     		adds	r3, r7, #1
 535              	.LVL80:
 536 0026 3D70     		strb	r5, [r7]
 224:main.c        ****             count--;
 537              		.loc 1 224 0
 538 0028 013C     		subs	r4, r4, #1
 539              	.LVL81:
 225:main.c        ****             if(ch == '\n') break;
 540              		.loc 1 225 0
 541 002a 0A2D     		cmp	r5, #10
 542 002c 02D0     		beq	.L34
 223:main.c        ****             count--;
 543              		.loc 1 223 0
 544 002e 1F46     		mov	r7, r3
 545              	.LVL82:
 546              	.L32:
 214:main.c        ****         ch = UART_1_GetChar();
 547              		.loc 1 214 0
 548 0030 002C     		cmp	r4, #0
 549 0032 EADC     		bgt	.L35
 550              	.LVL83:
 551              	.L34:
 226:main.c        ****         }
 227:main.c        ****     }
 228:main.c        ****     return chs;
 229:main.c        **** }
 552              		.loc 1 229 0
 553 0034 3046     		mov	r0, r6
 554 0036 F8BD     		pop	{r3, r4, r5, r6, r7, pc}
 555              		.cfi_endproc
 556              	.LFE65:
 557              		.size	_read, .-_read
 558              		.section	.rodata.str1.4,"aMS",%progbits,1
 559              		.align	2
 560              	.LC0:
 561 0000 0A426F6F 		.ascii	"\012Boot\000"
 561      7400
ARM GAS  C:\Users\Oskari\AppData\Local\Temp\cc00NhJ5.s 			page 15


 562 0006 0000     		.text
 563              	.Letext0:
 564              		.file 2 "c:\\program files (x86)\\cypress\\psoc creator\\4.0\\psoc creator\\import\\gnu\\arm\\4.9.
 565              		.file 3 "c:\\program files (x86)\\cypress\\psoc creator\\4.0\\psoc creator\\import\\gnu\\arm\\4.9.
 566              		.file 4 "Generated_Source\\PSoC5/cytypes.h"
 567              		.file 5 ".\\ZumoLibrary/Reflectance.h"
 568              		.file 6 "Generated_Source\\PSoC5/CyLib.h"
 569              		.file 7 ".\\ZumoLibrary/Motor.h"
 570              		.file 8 ".\\ZumoLibrary/IR.h"
 571              		.file 9 "Generated_Source\\PSoC5/UART_1.h"
 572              		.file 10 "Generated_Source\\PSoC5/ADC_Battery.h"
 573              		.file 11 "Generated_Source\\PSoC5/IR_led.h"
 574              		.file 12 "Generated_Source\\PSoC5/sensor_isr.h"
 575              		.file 13 "Generated_Source\\PSoC5/BatteryLed.h"
 576              		.file 14 "Generated_Source\\PSoC5/core_cm3.h"
 577              		.file 15 "<built-in>"
 578              		.section	.debug_info,"",%progbits
 579              	.Ldebug_info0:
 580 0000 3B050000 		.4byte	0x53b
 581 0004 0400     		.2byte	0x4
 582 0006 00000000 		.4byte	.Ldebug_abbrev0
 583 000a 04       		.byte	0x4
 584 000b 01       		.uleb128 0x1
 585 000c DA010000 		.4byte	.LASF50
 586 0010 01       		.byte	0x1
 587 0011 8D020000 		.4byte	.LASF51
 588 0015 80000000 		.4byte	.LASF52
 589 0019 00000000 		.4byte	.Ldebug_ranges0+0
 590 001d 00000000 		.4byte	0
 591 0021 00000000 		.4byte	.Ldebug_line0
 592 0025 02       		.uleb128 0x2
 593 0026 08       		.byte	0x8
 594 0027 04       		.byte	0x4
 595 0028 09030000 		.4byte	.LASF0
 596 002c 03       		.uleb128 0x3
 597 002d 04       		.byte	0x4
 598 002e 05       		.byte	0x5
 599 002f 696E7400 		.ascii	"int\000"
 600 0033 02       		.uleb128 0x2
 601 0034 01       		.byte	0x1
 602 0035 06       		.byte	0x6
 603 0036 79010000 		.4byte	.LASF1
 604 003a 02       		.uleb128 0x2
 605 003b 01       		.byte	0x1
 606 003c 08       		.byte	0x8
 607 003d 3A010000 		.4byte	.LASF2
 608 0041 02       		.uleb128 0x2
 609 0042 02       		.byte	0x2
 610 0043 05       		.byte	0x5
 611 0044 29000000 		.4byte	.LASF3
 612 0048 04       		.uleb128 0x4
 613 0049 50000000 		.4byte	.LASF5
 614 004d 02       		.byte	0x2
 615 004e 2B       		.byte	0x2b
 616 004f 53000000 		.4byte	0x53
 617 0053 02       		.uleb128 0x2
 618 0054 02       		.byte	0x2
ARM GAS  C:\Users\Oskari\AppData\Local\Temp\cc00NhJ5.s 			page 16


 619 0055 07       		.byte	0x7
 620 0056 B7010000 		.4byte	.LASF4
 621 005a 04       		.uleb128 0x4
 622 005b DB020000 		.4byte	.LASF6
 623 005f 02       		.byte	0x2
 624 0060 3F       		.byte	0x3f
 625 0061 65000000 		.4byte	0x65
 626 0065 02       		.uleb128 0x2
 627 0066 04       		.byte	0x4
 628 0067 05       		.byte	0x5
 629 0068 2A010000 		.4byte	.LASF7
 630 006c 02       		.uleb128 0x2
 631 006d 04       		.byte	0x4
 632 006e 07       		.byte	0x7
 633 006f 94020000 		.4byte	.LASF8
 634 0073 02       		.uleb128 0x2
 635 0074 08       		.byte	0x8
 636 0075 05       		.byte	0x5
 637 0076 3C000000 		.4byte	.LASF9
 638 007a 02       		.uleb128 0x2
 639 007b 08       		.byte	0x8
 640 007c 07       		.byte	0x7
 641 007d 85010000 		.4byte	.LASF10
 642 0081 02       		.uleb128 0x2
 643 0082 04       		.byte	0x4
 644 0083 07       		.byte	0x7
 645 0084 9C010000 		.4byte	.LASF11
 646 0088 04       		.uleb128 0x4
 647 0089 A9010000 		.4byte	.LASF12
 648 008d 03       		.byte	0x3
 649 008e 21       		.byte	0x21
 650 008f 48000000 		.4byte	0x48
 651 0093 04       		.uleb128 0x4
 652 0094 6D020000 		.4byte	.LASF13
 653 0098 03       		.byte	0x3
 654 0099 2C       		.byte	0x2c
 655 009a 5A000000 		.4byte	0x5a
 656 009e 05       		.uleb128 0x5
 657 009f 7A000000 		.4byte	.LASF14
 658 00a3 04       		.byte	0x4
 659 00a4 9201     		.2byte	0x192
 660 00a6 3A000000 		.4byte	0x3a
 661 00aa 05       		.uleb128 0x5
 662 00ab 86020000 		.4byte	.LASF15
 663 00af 04       		.byte	0x4
 664 00b0 9401     		.2byte	0x194
 665 00b2 6C000000 		.4byte	0x6c
 666 00b6 05       		.uleb128 0x5
 667 00b7 69000000 		.4byte	.LASF16
 668 00bb 04       		.byte	0x4
 669 00bc 9601     		.2byte	0x196
 670 00be 41000000 		.4byte	0x41
 671 00c2 02       		.uleb128 0x2
 672 00c3 04       		.byte	0x4
 673 00c4 04       		.byte	0x4
 674 00c5 FD000000 		.4byte	.LASF17
 675 00c9 02       		.uleb128 0x2
ARM GAS  C:\Users\Oskari\AppData\Local\Temp\cc00NhJ5.s 			page 17


 676 00ca 01       		.byte	0x1
 677 00cb 08       		.byte	0x8
 678 00cc D5010000 		.4byte	.LASF18
 679 00d0 05       		.uleb128 0x5
 680 00d1 66010000 		.4byte	.LASF19
 681 00d5 04       		.byte	0x4
 682 00d6 4E02     		.2byte	0x24e
 683 00d8 DC000000 		.4byte	0xdc
 684 00dc 06       		.uleb128 0x6
 685 00dd 04       		.byte	0x4
 686 00de E2000000 		.4byte	0xe2
 687 00e2 07       		.uleb128 0x7
 688 00e3 02       		.uleb128 0x2
 689 00e4 04       		.byte	0x4
 690 00e5 07       		.byte	0x7
 691 00e6 33000000 		.4byte	.LASF20
 692 00ea 06       		.uleb128 0x6
 693 00eb 04       		.byte	0x4
 694 00ec C9000000 		.4byte	0xc9
 695 00f0 06       		.uleb128 0x6
 696 00f1 04       		.byte	0x4
 697 00f2 F6000000 		.4byte	0xf6
 698 00f6 08       		.uleb128 0x8
 699 00f7 C9000000 		.4byte	0xc9
 700 00fb 09       		.uleb128 0x9
 701 00fc 60000000 		.4byte	.LASF53
 702 0100 08       		.byte	0x8
 703 0101 05       		.byte	0x5
 704 0102 11       		.byte	0x11
 705 0103 34010000 		.4byte	0x134
 706 0107 0A       		.uleb128 0xa
 707 0108 6C3300   		.ascii	"l3\000"
 708 010b 05       		.byte	0x5
 709 010c 12       		.byte	0x12
 710 010d 88000000 		.4byte	0x88
 711 0111 00       		.byte	0
 712 0112 0A       		.uleb128 0xa
 713 0113 6C3100   		.ascii	"l1\000"
 714 0116 05       		.byte	0x5
 715 0117 14       		.byte	0x14
 716 0118 88000000 		.4byte	0x88
 717 011c 02       		.byte	0x2
 718 011d 0A       		.uleb128 0xa
 719 011e 723100   		.ascii	"r1\000"
 720 0121 05       		.byte	0x5
 721 0122 15       		.byte	0x15
 722 0123 88000000 		.4byte	0x88
 723 0127 04       		.byte	0x4
 724 0128 0A       		.uleb128 0xa
 725 0129 723300   		.ascii	"r3\000"
 726 012c 05       		.byte	0x5
 727 012d 17       		.byte	0x17
 728 012e 88000000 		.4byte	0x88
 729 0132 06       		.byte	0x6
 730 0133 00       		.byte	0
 731 0134 02       		.uleb128 0x2
 732 0135 08       		.byte	0x8
ARM GAS  C:\Users\Oskari\AppData\Local\Temp\cc00NhJ5.s 			page 18


 733 0136 04       		.byte	0x4
 734 0137 48010000 		.4byte	.LASF21
 735 013b 0B       		.uleb128 0xb
 736 013c 68020000 		.4byte	.LASF54
 737 0140 01       		.byte	0x1
 738 0141 11       		.byte	0x11
 739 0142 2C000000 		.4byte	0x2c
 740 0146 00000000 		.4byte	.LFB63
 741 014a 90020000 		.4byte	.LFE63-.LFB63
 742 014e 01       		.uleb128 0x1
 743 014f 9C       		.byte	0x9c
 744 0150 35030000 		.4byte	0x335
 745 0154 0C       		.uleb128 0xc
 746 0155 72656600 		.ascii	"ref\000"
 747 0159 01       		.byte	0x1
 748 015a 13       		.byte	0x13
 749 015b FB000000 		.4byte	0xfb
 750 015f 02       		.uleb128 0x2
 751 0160 91       		.byte	0x91
 752 0161 58       		.sleb128 -40
 753 0162 0C       		.uleb128 0xc
 754 0163 64696700 		.ascii	"dig\000"
 755 0167 01       		.byte	0x1
 756 0168 14       		.byte	0x14
 757 0169 FB000000 		.4byte	0xfb
 758 016d 02       		.uleb128 0x2
 759 016e 91       		.byte	0x91
 760 016f 50       		.sleb128 -48
 761 0170 0D       		.uleb128 0xd
 762 0171 D0010000 		.4byte	.LASF22
 763 0175 01       		.byte	0x1
 764 0176 18       		.byte	0x18
 765 0177 2C000000 		.4byte	0x2c
 766 017b 01       		.uleb128 0x1
 767 017c 58       		.byte	0x58
 768 017d 0D       		.uleb128 0xd
 769 017e 4A000000 		.4byte	.LASF23
 770 0182 01       		.byte	0x1
 771 0183 19       		.byte	0x19
 772 0184 2C000000 		.4byte	0x2c
 773 0188 01       		.uleb128 0x1
 774 0189 59       		.byte	0x59
 775 018a 0E       		.uleb128 0xe
 776 018b F6020000 		.4byte	.LASF24
 777 018f 01       		.byte	0x1
 778 0190 1A       		.byte	0x1a
 779 0191 2C000000 		.4byte	0x2c
 780 0195 FE       		.byte	0xfe
 781 0196 0F       		.uleb128 0xf
 782 0197 03010000 		.4byte	.LASF25
 783 019b 01       		.byte	0x1
 784 019c 1B       		.byte	0x1b
 785 019d 25000000 		.4byte	0x25
 786 01a1 0F       		.uleb128 0xf
 787 01a2 BC000000 		.4byte	.LASF26
 788 01a6 01       		.byte	0x1
 789 01a7 1C       		.byte	0x1c
ARM GAS  C:\Users\Oskari\AppData\Local\Temp\cc00NhJ5.s 			page 19


 790 01a8 25000000 		.4byte	0x25
 791 01ac 10       		.uleb128 0x10
 792 01ad 1D030000 		.4byte	.LASF27
 793 01b1 01       		.byte	0x1
 794 01b2 1D       		.byte	0x1d
 795 01b3 2C000000 		.4byte	0x2c
 796 01b7 00000000 		.4byte	.LLST0
 797 01bb 0E       		.uleb128 0xe
 798 01bc FF020000 		.4byte	.LASF28
 799 01c0 01       		.byte	0x1
 800 01c1 27       		.byte	0x27
 801 01c2 B6000000 		.4byte	0xb6
 802 01c6 00       		.byte	0
 803 01c7 11       		.uleb128 0x11
 804 01c8 CA010000 		.4byte	.LASF29
 805 01cc 01       		.byte	0x1
 806 01cd 28       		.byte	0x28
 807 01ce C2000000 		.4byte	0xc2
 808 01d2 04       		.byte	0x4
 809 01d3 00000000 		.4byte	0
 810 01d7 12       		.uleb128 0x12
 811 01d8 34000000 		.4byte	.LBB2
 812 01dc 5C020000 		.4byte	.LBE2-.LBB2
 813 01e0 CE020000 		.4byte	0x2ce
 814 01e4 10       		.uleb128 0x10
 815 01e5 F6000000 		.4byte	.LASF30
 816 01e9 01       		.byte	0x1
 817 01ea 5F       		.byte	0x5f
 818 01eb 25000000 		.4byte	0x25
 819 01ef 1F000000 		.4byte	.LLST1
 820 01f3 10       		.uleb128 0x10
 821 01f4 0F010000 		.4byte	.LASF31
 822 01f8 01       		.byte	0x1
 823 01f9 60       		.byte	0x60
 824 01fa 25000000 		.4byte	0x25
 825 01fe 7B000000 		.4byte	.LLST2
 826 0202 10       		.uleb128 0x10
 827 0203 03010000 		.4byte	.LASF25
 828 0207 01       		.byte	0x1
 829 0208 63       		.byte	0x63
 830 0209 2C000000 		.4byte	0x2c
 831 020d E7000000 		.4byte	.LLST3
 832 0211 10       		.uleb128 0x10
 833 0212 BC000000 		.4byte	.LASF26
 834 0216 01       		.byte	0x1
 835 0217 64       		.byte	0x64
 836 0218 2C000000 		.4byte	0x2c
 837 021c 01010000 		.4byte	.LLST4
 838 0220 13       		.uleb128 0x13
 839 0221 3A000000 		.4byte	.LVL9
 840 0225 46040000 		.4byte	0x446
 841 0229 34020000 		.4byte	0x234
 842 022d 14       		.uleb128 0x14
 843 022e 01       		.uleb128 0x1
 844 022f 50       		.byte	0x50
 845 0230 02       		.uleb128 0x2
 846 0231 91       		.byte	0x91
ARM GAS  C:\Users\Oskari\AppData\Local\Temp\cc00NhJ5.s 			page 20


 847 0232 58       		.sleb128 -40
 848 0233 00       		.byte	0
 849 0234 13       		.uleb128 0x13
 850 0235 40000000 		.4byte	.LVL10
 851 0239 5D040000 		.4byte	0x45d
 852 023d 48020000 		.4byte	0x248
 853 0241 14       		.uleb128 0x14
 854 0242 01       		.uleb128 0x1
 855 0243 50       		.byte	0x50
 856 0244 02       		.uleb128 0x2
 857 0245 91       		.byte	0x91
 858 0246 50       		.sleb128 -48
 859 0247 00       		.byte	0
 860 0248 13       		.uleb128 0x13
 861 0249 46000000 		.4byte	.LVL11
 862 024d 6E040000 		.4byte	0x46e
 863 0251 5B020000 		.4byte	0x25b
 864 0255 14       		.uleb128 0x14
 865 0256 01       		.uleb128 0x1
 866 0257 50       		.byte	0x50
 867 0258 01       		.uleb128 0x1
 868 0259 35       		.byte	0x35
 869 025a 00       		.byte	0
 870 025b 13       		.uleb128 0x13
 871 025c F8010000 		.4byte	.LVL55
 872 0260 7F040000 		.4byte	0x47f
 873 0264 7A020000 		.4byte	0x27a
 874 0268 14       		.uleb128 0x14
 875 0269 01       		.uleb128 0x1
 876 026a 52       		.byte	0x52
 877 026b 01       		.uleb128 0x1
 878 026c 30       		.byte	0x30
 879 026d 14       		.uleb128 0x14
 880 026e 01       		.uleb128 0x1
 881 026f 51       		.byte	0x51
 882 0270 02       		.uleb128 0x2
 883 0271 74       		.byte	0x74
 884 0272 00       		.sleb128 0
 885 0273 14       		.uleb128 0x14
 886 0274 01       		.uleb128 0x1
 887 0275 50       		.byte	0x50
 888 0276 02       		.uleb128 0x2
 889 0277 76       		.byte	0x76
 890 0278 00       		.sleb128 0
 891 0279 00       		.byte	0
 892 027a 15       		.uleb128 0x15
 893 027b 2A020000 		.4byte	.LVL56
 894 027f 9A040000 		.4byte	0x49a
 895 0283 15       		.uleb128 0x15
 896 0284 2E020000 		.4byte	.LVL57
 897 0288 A7040000 		.4byte	0x4a7
 898 028c 15       		.uleb128 0x15
 899 028d 32020000 		.4byte	.LVL58
 900 0291 B4040000 		.4byte	0x4b4
 901 0295 13       		.uleb128 0x13
 902 0296 3C020000 		.4byte	.LVL59
 903 029a 7F040000 		.4byte	0x47f
ARM GAS  C:\Users\Oskari\AppData\Local\Temp\cc00NhJ5.s 			page 21


 904 029e B4020000 		.4byte	0x2b4
 905 02a2 14       		.uleb128 0x14
 906 02a3 01       		.uleb128 0x1
 907 02a4 52       		.byte	0x52
 908 02a5 01       		.uleb128 0x1
 909 02a6 30       		.byte	0x30
 910 02a7 14       		.uleb128 0x14
 911 02a8 01       		.uleb128 0x1
 912 02a9 51       		.byte	0x51
 913 02aa 02       		.uleb128 0x2
 914 02ab 74       		.byte	0x74
 915 02ac 00       		.sleb128 0
 916 02ad 14       		.uleb128 0x14
 917 02ae 01       		.uleb128 0x1
 918 02af 50       		.byte	0x50
 919 02b0 02       		.uleb128 0x2
 920 02b1 76       		.byte	0x76
 921 02b2 00       		.sleb128 0
 922 02b3 00       		.byte	0
 923 02b4 15       		.uleb128 0x15
 924 02b5 48020000 		.4byte	.LVL60
 925 02b9 9A040000 		.4byte	0x49a
 926 02bd 16       		.uleb128 0x16
 927 02be 52020000 		.4byte	.LVL62
 928 02c2 6E040000 		.4byte	0x46e
 929 02c6 14       		.uleb128 0x14
 930 02c7 01       		.uleb128 0x1
 931 02c8 50       		.byte	0x50
 932 02c9 02       		.uleb128 0x2
 933 02ca 08       		.byte	0x8
 934 02cb 5C       		.byte	0x5c
 935 02cc 00       		.byte	0
 936 02cd 00       		.byte	0
 937 02ce 15       		.uleb128 0x15
 938 02cf 0C000000 		.4byte	.LVL0
 939 02d3 C1040000 		.4byte	0x4c1
 940 02d7 15       		.uleb128 0x15
 941 02d8 10000000 		.4byte	.LVL1
 942 02dc C8040000 		.4byte	0x4c8
 943 02e0 15       		.uleb128 0x15
 944 02e1 14000000 		.4byte	.LVL2
 945 02e5 CF040000 		.4byte	0x4cf
 946 02e9 15       		.uleb128 0x15
 947 02ea 18000000 		.4byte	.LVL3
 948 02ee B4040000 		.4byte	0x4b4
 949 02f2 13       		.uleb128 0x13
 950 02f3 1E000000 		.4byte	.LVL4
 951 02f7 D6040000 		.4byte	0x4d6
 952 02fb 05030000 		.4byte	0x305
 953 02ff 14       		.uleb128 0x14
 954 0300 01       		.uleb128 0x1
 955 0301 50       		.byte	0x50
 956 0302 01       		.uleb128 0x1
 957 0303 31       		.byte	0x31
 958 0304 00       		.byte	0
 959 0305 15       		.uleb128 0x15
 960 0306 24000000 		.4byte	.LVL5
ARM GAS  C:\Users\Oskari\AppData\Local\Temp\cc00NhJ5.s 			page 22


 961 030a E7040000 		.4byte	0x4e7
 962 030e 13       		.uleb128 0x13
 963 030f 2A000000 		.4byte	.LVL6
 964 0313 F8040000 		.4byte	0x4f8
 965 0317 25030000 		.4byte	0x325
 966 031b 14       		.uleb128 0x14
 967 031c 01       		.uleb128 0x1
 968 031d 50       		.byte	0x50
 969 031e 05       		.uleb128 0x5
 970 031f 03       		.byte	0x3
 971 0320 00000000 		.4byte	.LC0
 972 0324 00       		.byte	0
 973 0325 16       		.uleb128 0x16
 974 0326 30000000 		.4byte	.LVL7
 975 032a 11050000 		.4byte	0x511
 976 032e 14       		.uleb128 0x14
 977 032f 01       		.uleb128 0x1
 978 0330 50       		.byte	0x50
 979 0331 01       		.uleb128 0x1
 980 0332 30       		.byte	0x30
 981 0333 00       		.byte	0
 982 0334 00       		.byte	0
 983 0335 17       		.uleb128 0x17
 984 0336 33010000 		.4byte	.LASF33
 985 033a 01       		.byte	0x1
 986 033b C5       		.byte	0xc5
 987 033c 2C000000 		.4byte	0x2c
 988 0340 00000000 		.4byte	.LFB64
 989 0344 2A000000 		.4byte	.LFE64-.LFB64
 990 0348 01       		.uleb128 0x1
 991 0349 9C       		.byte	0x9c
 992 034a A5030000 		.4byte	0x3a5
 993 034e 18       		.uleb128 0x18
 994 034f 5B000000 		.4byte	.LASF32
 995 0353 01       		.byte	0x1
 996 0354 C5       		.byte	0xc5
 997 0355 2C000000 		.4byte	0x2c
 998 0359 1B010000 		.4byte	.LLST5
 999 035d 19       		.uleb128 0x19
 1000 035e 70747200 		.ascii	"ptr\000"
 1001 0362 01       		.byte	0x1
 1002 0363 C5       		.byte	0xc5
 1003 0364 EA000000 		.4byte	0xea
 1004 0368 3C010000 		.4byte	.LLST6
 1005 036c 19       		.uleb128 0x19
 1006 036d 6C656E00 		.ascii	"len\000"
 1007 0371 01       		.byte	0x1
 1008 0372 C5       		.byte	0xc5
 1009 0373 2C000000 		.4byte	0x2c
 1010 0377 70010000 		.4byte	.LLST7
 1011 037b 1A       		.uleb128 0x1a
 1012 037c 6E00     		.ascii	"n\000"
 1013 037e 01       		.byte	0x1
 1014 037f C8       		.byte	0xc8
 1015 0380 2C000000 		.4byte	0x2c
 1016 0384 8E010000 		.4byte	.LLST8
 1017 0388 13       		.uleb128 0x13
ARM GAS  C:\Users\Oskari\AppData\Local\Temp\cc00NhJ5.s 			page 23


 1018 0389 16000000 		.4byte	.LVL66
 1019 038d 22050000 		.4byte	0x522
 1020 0391 9B030000 		.4byte	0x39b
 1021 0395 14       		.uleb128 0x14
 1022 0396 01       		.uleb128 0x1
 1023 0397 50       		.byte	0x50
 1024 0398 01       		.uleb128 0x1
 1025 0399 3D       		.byte	0x3d
 1026 039a 00       		.byte	0
 1027 039b 15       		.uleb128 0x15
 1028 039c 1E000000 		.4byte	.LVL68
 1029 03a0 22050000 		.4byte	0x522
 1030 03a4 00       		.byte	0
 1031 03a5 17       		.uleb128 0x17
 1032 03a6 73010000 		.4byte	.LASF34
 1033 03aa 01       		.byte	0x1
 1034 03ab D0       		.byte	0xd0
 1035 03ac 2C000000 		.4byte	0x2c
 1036 03b0 00000000 		.4byte	.LFB65
 1037 03b4 38000000 		.4byte	.LFE65-.LFB65
 1038 03b8 01       		.uleb128 0x1
 1039 03b9 9C       		.byte	0x9c
 1040 03ba 35040000 		.4byte	0x435
 1041 03be 18       		.uleb128 0x18
 1042 03bf 5B000000 		.4byte	.LASF32
 1043 03c3 01       		.byte	0x1
 1044 03c4 D0       		.byte	0xd0
 1045 03c5 2C000000 		.4byte	0x2c
 1046 03c9 AD010000 		.4byte	.LLST9
 1047 03cd 19       		.uleb128 0x19
 1048 03ce 70747200 		.ascii	"ptr\000"
 1049 03d2 01       		.byte	0x1
 1050 03d3 D0       		.byte	0xd0
 1051 03d4 EA000000 		.4byte	0xea
 1052 03d8 CE010000 		.4byte	.LLST10
 1053 03dc 18       		.uleb128 0x18
 1054 03dd D5020000 		.4byte	.LASF35
 1055 03e1 01       		.byte	0x1
 1056 03e2 D0       		.byte	0xd0
 1057 03e3 2C000000 		.4byte	0x2c
 1058 03e7 02020000 		.4byte	.LLST11
 1059 03eb 1A       		.uleb128 0x1a
 1060 03ec 63687300 		.ascii	"chs\000"
 1061 03f0 01       		.byte	0x1
 1062 03f1 D2       		.byte	0xd2
 1063 03f2 2C000000 		.4byte	0x2c
 1064 03f6 20020000 		.4byte	.LLST12
 1065 03fa 1A       		.uleb128 0x1a
 1066 03fb 636800   		.ascii	"ch\000"
 1067 03fe 01       		.byte	0x1
 1068 03ff D3       		.byte	0xd3
 1069 0400 C9000000 		.4byte	0xc9
 1070 0404 3F020000 		.4byte	.LLST13
 1071 0408 15       		.uleb128 0x15
 1072 0409 0E000000 		.4byte	.LVL74
 1073 040d 33050000 		.4byte	0x533
 1074 0411 13       		.uleb128 0x13
ARM GAS  C:\Users\Oskari\AppData\Local\Temp\cc00NhJ5.s 			page 24


 1075 0412 16000000 		.4byte	.LVL75
 1076 0416 22050000 		.4byte	0x522
 1077 041a 25040000 		.4byte	0x425
 1078 041e 14       		.uleb128 0x14
 1079 041f 01       		.uleb128 0x1
 1080 0420 50       		.byte	0x50
 1081 0421 02       		.uleb128 0x2
 1082 0422 75       		.byte	0x75
 1083 0423 00       		.sleb128 0
 1084 0424 00       		.byte	0
 1085 0425 16       		.uleb128 0x16
 1086 0426 22000000 		.4byte	.LVL78
 1087 042a 22050000 		.4byte	0x522
 1088 042e 14       		.uleb128 0x14
 1089 042f 01       		.uleb128 0x1
 1090 0430 50       		.byte	0x50
 1091 0431 01       		.uleb128 0x1
 1092 0432 3A       		.byte	0x3a
 1093 0433 00       		.byte	0
 1094 0434 00       		.byte	0
 1095 0435 1B       		.uleb128 0x1b
 1096 0436 10030000 		.4byte	.LASF55
 1097 043a 0E       		.byte	0xe
 1098 043b 9606     		.2byte	0x696
 1099 043d 41040000 		.4byte	0x441
 1100 0441 1C       		.uleb128 0x1c
 1101 0442 93000000 		.4byte	0x93
 1102 0446 1D       		.uleb128 0x1d
 1103 0447 E5020000 		.4byte	.LASF36
 1104 044b 05       		.byte	0x5
 1105 044c 1B       		.byte	0x1b
 1106 044d 57040000 		.4byte	0x457
 1107 0451 1E       		.uleb128 0x1e
 1108 0452 57040000 		.4byte	0x457
 1109 0456 00       		.byte	0
 1110 0457 06       		.uleb128 0x6
 1111 0458 04       		.byte	0x4
 1112 0459 FB000000 		.4byte	0xfb
 1113 045d 1D       		.uleb128 0x1d
 1114 045e 16010000 		.4byte	.LASF37
 1115 0462 05       		.byte	0x5
 1116 0463 1C       		.byte	0x1c
 1117 0464 6E040000 		.4byte	0x46e
 1118 0468 1E       		.uleb128 0x1e
 1119 0469 57040000 		.4byte	0x457
 1120 046d 00       		.byte	0
 1121 046e 1D       		.uleb128 0x1d
 1122 046f 28030000 		.4byte	.LASF38
 1123 0473 06       		.byte	0x6
 1124 0474 76       		.byte	0x76
 1125 0475 7F040000 		.4byte	0x47f
 1126 0479 1E       		.uleb128 0x1e
 1127 047a AA000000 		.4byte	0xaa
 1128 047e 00       		.byte	0
 1129 047f 1D       		.uleb128 0x1d
 1130 0480 6F000000 		.4byte	.LASF39
 1131 0484 07       		.byte	0x7
ARM GAS  C:\Users\Oskari\AppData\Local\Temp\cc00NhJ5.s 			page 25


 1132 0485 12       		.byte	0x12
 1133 0486 9A040000 		.4byte	0x49a
 1134 048a 1E       		.uleb128 0x1e
 1135 048b 9E000000 		.4byte	0x9e
 1136 048f 1E       		.uleb128 0x1e
 1137 0490 9E000000 		.4byte	0x9e
 1138 0494 1E       		.uleb128 0x1e
 1139 0495 AA000000 		.4byte	0xaa
 1140 0499 00       		.byte	0
 1141 049a 1F       		.uleb128 0x1f
 1142 049b 1E000000 		.4byte	.LASF40
 1143 049f 07       		.byte	0x7
 1144 04a0 0C       		.byte	0xc
 1145 04a1 A7040000 		.4byte	0x4a7
 1146 04a5 20       		.uleb128 0x20
 1147 04a6 00       		.byte	0
 1148 04a7 1F       		.uleb128 0x1f
 1149 04a8 C5020000 		.4byte	.LASF41
 1150 04ac 08       		.byte	0x8
 1151 04ad 0B       		.byte	0xb
 1152 04ae B4040000 		.4byte	0x4b4
 1153 04b2 20       		.uleb128 0x20
 1154 04b3 00       		.byte	0
 1155 04b4 1F       		.uleb128 0x1f
 1156 04b5 B9020000 		.4byte	.LASF42
 1157 04b9 07       		.byte	0x7
 1158 04ba 0B       		.byte	0xb
 1159 04bb C1040000 		.4byte	0x4c1
 1160 04bf 20       		.uleb128 0x20
 1161 04c0 00       		.byte	0
 1162 04c1 21       		.uleb128 0x21
 1163 04c2 DA000000 		.4byte	.LASF43
 1164 04c6 09       		.byte	0x9
 1165 04c7 54       		.byte	0x54
 1166 04c8 21       		.uleb128 0x21
 1167 04c9 C8000000 		.4byte	.LASF44
 1168 04cd 05       		.byte	0x5
 1169 04ce 1A       		.byte	0x1a
 1170 04cf 21       		.uleb128 0x21
 1171 04d0 54010000 		.4byte	.LASF45
 1172 04d4 0A       		.byte	0xa
 1173 04d5 34       		.byte	0x34
 1174 04d6 1D       		.uleb128 0x1d
 1175 04d7 30030000 		.4byte	.LASF46
 1176 04db 0B       		.byte	0xb
 1177 04dc 26       		.byte	0x26
 1178 04dd E7040000 		.4byte	0x4e7
 1179 04e1 1E       		.uleb128 0x1e
 1180 04e2 9E000000 		.4byte	0x9e
 1181 04e6 00       		.byte	0
 1182 04e7 1D       		.uleb128 0x1d
 1183 04e8 A6020000 		.4byte	.LASF47
 1184 04ec 0C       		.byte	0xc
 1185 04ed 18       		.byte	0x18
 1186 04ee F8040000 		.4byte	0x4f8
 1187 04f2 1E       		.uleb128 0x1e
 1188 04f3 D0000000 		.4byte	0xd0
ARM GAS  C:\Users\Oskari\AppData\Local\Temp\cc00NhJ5.s 			page 26


 1189 04f7 00       		.byte	0
 1190 04f8 22       		.uleb128 0x22
 1191 04f9 00000000 		.4byte	.LASF56
 1192 04fd 0F       		.byte	0xf
 1193 04fe 00       		.byte	0
 1194 04ff B2010000 		.4byte	.LASF57
 1195 0503 2C000000 		.4byte	0x2c
 1196 0507 11050000 		.4byte	0x511
 1197 050b 1E       		.uleb128 0x1e
 1198 050c F0000000 		.4byte	0xf0
 1199 0510 00       		.byte	0
 1200 0511 1D       		.uleb128 0x1d
 1201 0512 75020000 		.4byte	.LASF48
 1202 0516 0D       		.byte	0xd
 1203 0517 26       		.byte	0x26
 1204 0518 22050000 		.4byte	0x522
 1205 051c 1E       		.uleb128 0x1e
 1206 051d 9E000000 		.4byte	0x9e
 1207 0521 00       		.byte	0
 1208 0522 1D       		.uleb128 0x1d
 1209 0523 E7000000 		.4byte	.LASF49
 1210 0527 09       		.byte	0x9
 1211 0528 8A       		.byte	0x8a
 1212 0529 33050000 		.4byte	0x533
 1213 052d 1E       		.uleb128 0x1e
 1214 052e 9E000000 		.4byte	0x9e
 1215 0532 00       		.byte	0
 1216 0533 23       		.uleb128 0x23
 1217 0534 0F000000 		.4byte	.LASF58
 1218 0538 09       		.byte	0x9
 1219 0539 71       		.byte	0x71
 1220 053a 9E000000 		.4byte	0x9e
 1221 053e 00       		.byte	0
 1222              		.section	.debug_abbrev,"",%progbits
 1223              	.Ldebug_abbrev0:
 1224 0000 01       		.uleb128 0x1
 1225 0001 11       		.uleb128 0x11
 1226 0002 01       		.byte	0x1
 1227 0003 25       		.uleb128 0x25
 1228 0004 0E       		.uleb128 0xe
 1229 0005 13       		.uleb128 0x13
 1230 0006 0B       		.uleb128 0xb
 1231 0007 03       		.uleb128 0x3
 1232 0008 0E       		.uleb128 0xe
 1233 0009 1B       		.uleb128 0x1b
 1234 000a 0E       		.uleb128 0xe
 1235 000b 55       		.uleb128 0x55
 1236 000c 17       		.uleb128 0x17
 1237 000d 11       		.uleb128 0x11
 1238 000e 01       		.uleb128 0x1
 1239 000f 10       		.uleb128 0x10
 1240 0010 17       		.uleb128 0x17
 1241 0011 00       		.byte	0
 1242 0012 00       		.byte	0
 1243 0013 02       		.uleb128 0x2
 1244 0014 24       		.uleb128 0x24
 1245 0015 00       		.byte	0
ARM GAS  C:\Users\Oskari\AppData\Local\Temp\cc00NhJ5.s 			page 27


 1246 0016 0B       		.uleb128 0xb
 1247 0017 0B       		.uleb128 0xb
 1248 0018 3E       		.uleb128 0x3e
 1249 0019 0B       		.uleb128 0xb
 1250 001a 03       		.uleb128 0x3
 1251 001b 0E       		.uleb128 0xe
 1252 001c 00       		.byte	0
 1253 001d 00       		.byte	0
 1254 001e 03       		.uleb128 0x3
 1255 001f 24       		.uleb128 0x24
 1256 0020 00       		.byte	0
 1257 0021 0B       		.uleb128 0xb
 1258 0022 0B       		.uleb128 0xb
 1259 0023 3E       		.uleb128 0x3e
 1260 0024 0B       		.uleb128 0xb
 1261 0025 03       		.uleb128 0x3
 1262 0026 08       		.uleb128 0x8
 1263 0027 00       		.byte	0
 1264 0028 00       		.byte	0
 1265 0029 04       		.uleb128 0x4
 1266 002a 16       		.uleb128 0x16
 1267 002b 00       		.byte	0
 1268 002c 03       		.uleb128 0x3
 1269 002d 0E       		.uleb128 0xe
 1270 002e 3A       		.uleb128 0x3a
 1271 002f 0B       		.uleb128 0xb
 1272 0030 3B       		.uleb128 0x3b
 1273 0031 0B       		.uleb128 0xb
 1274 0032 49       		.uleb128 0x49
 1275 0033 13       		.uleb128 0x13
 1276 0034 00       		.byte	0
 1277 0035 00       		.byte	0
 1278 0036 05       		.uleb128 0x5
 1279 0037 16       		.uleb128 0x16
 1280 0038 00       		.byte	0
 1281 0039 03       		.uleb128 0x3
 1282 003a 0E       		.uleb128 0xe
 1283 003b 3A       		.uleb128 0x3a
 1284 003c 0B       		.uleb128 0xb
 1285 003d 3B       		.uleb128 0x3b
 1286 003e 05       		.uleb128 0x5
 1287 003f 49       		.uleb128 0x49
 1288 0040 13       		.uleb128 0x13
 1289 0041 00       		.byte	0
 1290 0042 00       		.byte	0
 1291 0043 06       		.uleb128 0x6
 1292 0044 0F       		.uleb128 0xf
 1293 0045 00       		.byte	0
 1294 0046 0B       		.uleb128 0xb
 1295 0047 0B       		.uleb128 0xb
 1296 0048 49       		.uleb128 0x49
 1297 0049 13       		.uleb128 0x13
 1298 004a 00       		.byte	0
 1299 004b 00       		.byte	0
 1300 004c 07       		.uleb128 0x7
 1301 004d 15       		.uleb128 0x15
 1302 004e 00       		.byte	0
ARM GAS  C:\Users\Oskari\AppData\Local\Temp\cc00NhJ5.s 			page 28


 1303 004f 27       		.uleb128 0x27
 1304 0050 19       		.uleb128 0x19
 1305 0051 00       		.byte	0
 1306 0052 00       		.byte	0
 1307 0053 08       		.uleb128 0x8
 1308 0054 26       		.uleb128 0x26
 1309 0055 00       		.byte	0
 1310 0056 49       		.uleb128 0x49
 1311 0057 13       		.uleb128 0x13
 1312 0058 00       		.byte	0
 1313 0059 00       		.byte	0
 1314 005a 09       		.uleb128 0x9
 1315 005b 13       		.uleb128 0x13
 1316 005c 01       		.byte	0x1
 1317 005d 03       		.uleb128 0x3
 1318 005e 0E       		.uleb128 0xe
 1319 005f 0B       		.uleb128 0xb
 1320 0060 0B       		.uleb128 0xb
 1321 0061 3A       		.uleb128 0x3a
 1322 0062 0B       		.uleb128 0xb
 1323 0063 3B       		.uleb128 0x3b
 1324 0064 0B       		.uleb128 0xb
 1325 0065 01       		.uleb128 0x1
 1326 0066 13       		.uleb128 0x13
 1327 0067 00       		.byte	0
 1328 0068 00       		.byte	0
 1329 0069 0A       		.uleb128 0xa
 1330 006a 0D       		.uleb128 0xd
 1331 006b 00       		.byte	0
 1332 006c 03       		.uleb128 0x3
 1333 006d 08       		.uleb128 0x8
 1334 006e 3A       		.uleb128 0x3a
 1335 006f 0B       		.uleb128 0xb
 1336 0070 3B       		.uleb128 0x3b
 1337 0071 0B       		.uleb128 0xb
 1338 0072 49       		.uleb128 0x49
 1339 0073 13       		.uleb128 0x13
 1340 0074 38       		.uleb128 0x38
 1341 0075 0B       		.uleb128 0xb
 1342 0076 00       		.byte	0
 1343 0077 00       		.byte	0
 1344 0078 0B       		.uleb128 0xb
 1345 0079 2E       		.uleb128 0x2e
 1346 007a 01       		.byte	0x1
 1347 007b 3F       		.uleb128 0x3f
 1348 007c 19       		.uleb128 0x19
 1349 007d 03       		.uleb128 0x3
 1350 007e 0E       		.uleb128 0xe
 1351 007f 3A       		.uleb128 0x3a
 1352 0080 0B       		.uleb128 0xb
 1353 0081 3B       		.uleb128 0x3b
 1354 0082 0B       		.uleb128 0xb
 1355 0083 49       		.uleb128 0x49
 1356 0084 13       		.uleb128 0x13
 1357 0085 11       		.uleb128 0x11
 1358 0086 01       		.uleb128 0x1
 1359 0087 12       		.uleb128 0x12
ARM GAS  C:\Users\Oskari\AppData\Local\Temp\cc00NhJ5.s 			page 29


 1360 0088 06       		.uleb128 0x6
 1361 0089 40       		.uleb128 0x40
 1362 008a 18       		.uleb128 0x18
 1363 008b 9642     		.uleb128 0x2116
 1364 008d 19       		.uleb128 0x19
 1365 008e 01       		.uleb128 0x1
 1366 008f 13       		.uleb128 0x13
 1367 0090 00       		.byte	0
 1368 0091 00       		.byte	0
 1369 0092 0C       		.uleb128 0xc
 1370 0093 34       		.uleb128 0x34
 1371 0094 00       		.byte	0
 1372 0095 03       		.uleb128 0x3
 1373 0096 08       		.uleb128 0x8
 1374 0097 3A       		.uleb128 0x3a
 1375 0098 0B       		.uleb128 0xb
 1376 0099 3B       		.uleb128 0x3b
 1377 009a 0B       		.uleb128 0xb
 1378 009b 49       		.uleb128 0x49
 1379 009c 13       		.uleb128 0x13
 1380 009d 02       		.uleb128 0x2
 1381 009e 18       		.uleb128 0x18
 1382 009f 00       		.byte	0
 1383 00a0 00       		.byte	0
 1384 00a1 0D       		.uleb128 0xd
 1385 00a2 34       		.uleb128 0x34
 1386 00a3 00       		.byte	0
 1387 00a4 03       		.uleb128 0x3
 1388 00a5 0E       		.uleb128 0xe
 1389 00a6 3A       		.uleb128 0x3a
 1390 00a7 0B       		.uleb128 0xb
 1391 00a8 3B       		.uleb128 0x3b
 1392 00a9 0B       		.uleb128 0xb
 1393 00aa 49       		.uleb128 0x49
 1394 00ab 13       		.uleb128 0x13
 1395 00ac 02       		.uleb128 0x2
 1396 00ad 18       		.uleb128 0x18
 1397 00ae 00       		.byte	0
 1398 00af 00       		.byte	0
 1399 00b0 0E       		.uleb128 0xe
 1400 00b1 34       		.uleb128 0x34
 1401 00b2 00       		.byte	0
 1402 00b3 03       		.uleb128 0x3
 1403 00b4 0E       		.uleb128 0xe
 1404 00b5 3A       		.uleb128 0x3a
 1405 00b6 0B       		.uleb128 0xb
 1406 00b7 3B       		.uleb128 0x3b
 1407 00b8 0B       		.uleb128 0xb
 1408 00b9 49       		.uleb128 0x49
 1409 00ba 13       		.uleb128 0x13
 1410 00bb 1C       		.uleb128 0x1c
 1411 00bc 0B       		.uleb128 0xb
 1412 00bd 00       		.byte	0
 1413 00be 00       		.byte	0
 1414 00bf 0F       		.uleb128 0xf
 1415 00c0 34       		.uleb128 0x34
 1416 00c1 00       		.byte	0
ARM GAS  C:\Users\Oskari\AppData\Local\Temp\cc00NhJ5.s 			page 30


 1417 00c2 03       		.uleb128 0x3
 1418 00c3 0E       		.uleb128 0xe
 1419 00c4 3A       		.uleb128 0x3a
 1420 00c5 0B       		.uleb128 0xb
 1421 00c6 3B       		.uleb128 0x3b
 1422 00c7 0B       		.uleb128 0xb
 1423 00c8 49       		.uleb128 0x49
 1424 00c9 13       		.uleb128 0x13
 1425 00ca 00       		.byte	0
 1426 00cb 00       		.byte	0
 1427 00cc 10       		.uleb128 0x10
 1428 00cd 34       		.uleb128 0x34
 1429 00ce 00       		.byte	0
 1430 00cf 03       		.uleb128 0x3
 1431 00d0 0E       		.uleb128 0xe
 1432 00d1 3A       		.uleb128 0x3a
 1433 00d2 0B       		.uleb128 0xb
 1434 00d3 3B       		.uleb128 0x3b
 1435 00d4 0B       		.uleb128 0xb
 1436 00d5 49       		.uleb128 0x49
 1437 00d6 13       		.uleb128 0x13
 1438 00d7 02       		.uleb128 0x2
 1439 00d8 17       		.uleb128 0x17
 1440 00d9 00       		.byte	0
 1441 00da 00       		.byte	0
 1442 00db 11       		.uleb128 0x11
 1443 00dc 34       		.uleb128 0x34
 1444 00dd 00       		.byte	0
 1445 00de 03       		.uleb128 0x3
 1446 00df 0E       		.uleb128 0xe
 1447 00e0 3A       		.uleb128 0x3a
 1448 00e1 0B       		.uleb128 0xb
 1449 00e2 3B       		.uleb128 0x3b
 1450 00e3 0B       		.uleb128 0xb
 1451 00e4 49       		.uleb128 0x49
 1452 00e5 13       		.uleb128 0x13
 1453 00e6 1C       		.uleb128 0x1c
 1454 00e7 0A       		.uleb128 0xa
 1455 00e8 00       		.byte	0
 1456 00e9 00       		.byte	0
 1457 00ea 12       		.uleb128 0x12
 1458 00eb 0B       		.uleb128 0xb
 1459 00ec 01       		.byte	0x1
 1460 00ed 11       		.uleb128 0x11
 1461 00ee 01       		.uleb128 0x1
 1462 00ef 12       		.uleb128 0x12
 1463 00f0 06       		.uleb128 0x6
 1464 00f1 01       		.uleb128 0x1
 1465 00f2 13       		.uleb128 0x13
 1466 00f3 00       		.byte	0
 1467 00f4 00       		.byte	0
 1468 00f5 13       		.uleb128 0x13
 1469 00f6 898201   		.uleb128 0x4109
 1470 00f9 01       		.byte	0x1
 1471 00fa 11       		.uleb128 0x11
 1472 00fb 01       		.uleb128 0x1
 1473 00fc 31       		.uleb128 0x31
ARM GAS  C:\Users\Oskari\AppData\Local\Temp\cc00NhJ5.s 			page 31


 1474 00fd 13       		.uleb128 0x13
 1475 00fe 01       		.uleb128 0x1
 1476 00ff 13       		.uleb128 0x13
 1477 0100 00       		.byte	0
 1478 0101 00       		.byte	0
 1479 0102 14       		.uleb128 0x14
 1480 0103 8A8201   		.uleb128 0x410a
 1481 0106 00       		.byte	0
 1482 0107 02       		.uleb128 0x2
 1483 0108 18       		.uleb128 0x18
 1484 0109 9142     		.uleb128 0x2111
 1485 010b 18       		.uleb128 0x18
 1486 010c 00       		.byte	0
 1487 010d 00       		.byte	0
 1488 010e 15       		.uleb128 0x15
 1489 010f 898201   		.uleb128 0x4109
 1490 0112 00       		.byte	0
 1491 0113 11       		.uleb128 0x11
 1492 0114 01       		.uleb128 0x1
 1493 0115 31       		.uleb128 0x31
 1494 0116 13       		.uleb128 0x13
 1495 0117 00       		.byte	0
 1496 0118 00       		.byte	0
 1497 0119 16       		.uleb128 0x16
 1498 011a 898201   		.uleb128 0x4109
 1499 011d 01       		.byte	0x1
 1500 011e 11       		.uleb128 0x11
 1501 011f 01       		.uleb128 0x1
 1502 0120 31       		.uleb128 0x31
 1503 0121 13       		.uleb128 0x13
 1504 0122 00       		.byte	0
 1505 0123 00       		.byte	0
 1506 0124 17       		.uleb128 0x17
 1507 0125 2E       		.uleb128 0x2e
 1508 0126 01       		.byte	0x1
 1509 0127 3F       		.uleb128 0x3f
 1510 0128 19       		.uleb128 0x19
 1511 0129 03       		.uleb128 0x3
 1512 012a 0E       		.uleb128 0xe
 1513 012b 3A       		.uleb128 0x3a
 1514 012c 0B       		.uleb128 0xb
 1515 012d 3B       		.uleb128 0x3b
 1516 012e 0B       		.uleb128 0xb
 1517 012f 27       		.uleb128 0x27
 1518 0130 19       		.uleb128 0x19
 1519 0131 49       		.uleb128 0x49
 1520 0132 13       		.uleb128 0x13
 1521 0133 11       		.uleb128 0x11
 1522 0134 01       		.uleb128 0x1
 1523 0135 12       		.uleb128 0x12
 1524 0136 06       		.uleb128 0x6
 1525 0137 40       		.uleb128 0x40
 1526 0138 18       		.uleb128 0x18
 1527 0139 9742     		.uleb128 0x2117
 1528 013b 19       		.uleb128 0x19
 1529 013c 01       		.uleb128 0x1
 1530 013d 13       		.uleb128 0x13
ARM GAS  C:\Users\Oskari\AppData\Local\Temp\cc00NhJ5.s 			page 32


 1531 013e 00       		.byte	0
 1532 013f 00       		.byte	0
 1533 0140 18       		.uleb128 0x18
 1534 0141 05       		.uleb128 0x5
 1535 0142 00       		.byte	0
 1536 0143 03       		.uleb128 0x3
 1537 0144 0E       		.uleb128 0xe
 1538 0145 3A       		.uleb128 0x3a
 1539 0146 0B       		.uleb128 0xb
 1540 0147 3B       		.uleb128 0x3b
 1541 0148 0B       		.uleb128 0xb
 1542 0149 49       		.uleb128 0x49
 1543 014a 13       		.uleb128 0x13
 1544 014b 02       		.uleb128 0x2
 1545 014c 17       		.uleb128 0x17
 1546 014d 00       		.byte	0
 1547 014e 00       		.byte	0
 1548 014f 19       		.uleb128 0x19
 1549 0150 05       		.uleb128 0x5
 1550 0151 00       		.byte	0
 1551 0152 03       		.uleb128 0x3
 1552 0153 08       		.uleb128 0x8
 1553 0154 3A       		.uleb128 0x3a
 1554 0155 0B       		.uleb128 0xb
 1555 0156 3B       		.uleb128 0x3b
 1556 0157 0B       		.uleb128 0xb
 1557 0158 49       		.uleb128 0x49
 1558 0159 13       		.uleb128 0x13
 1559 015a 02       		.uleb128 0x2
 1560 015b 17       		.uleb128 0x17
 1561 015c 00       		.byte	0
 1562 015d 00       		.byte	0
 1563 015e 1A       		.uleb128 0x1a
 1564 015f 34       		.uleb128 0x34
 1565 0160 00       		.byte	0
 1566 0161 03       		.uleb128 0x3
 1567 0162 08       		.uleb128 0x8
 1568 0163 3A       		.uleb128 0x3a
 1569 0164 0B       		.uleb128 0xb
 1570 0165 3B       		.uleb128 0x3b
 1571 0166 0B       		.uleb128 0xb
 1572 0167 49       		.uleb128 0x49
 1573 0168 13       		.uleb128 0x13
 1574 0169 02       		.uleb128 0x2
 1575 016a 17       		.uleb128 0x17
 1576 016b 00       		.byte	0
 1577 016c 00       		.byte	0
 1578 016d 1B       		.uleb128 0x1b
 1579 016e 34       		.uleb128 0x34
 1580 016f 00       		.byte	0
 1581 0170 03       		.uleb128 0x3
 1582 0171 0E       		.uleb128 0xe
 1583 0172 3A       		.uleb128 0x3a
 1584 0173 0B       		.uleb128 0xb
 1585 0174 3B       		.uleb128 0x3b
 1586 0175 05       		.uleb128 0x5
 1587 0176 49       		.uleb128 0x49
ARM GAS  C:\Users\Oskari\AppData\Local\Temp\cc00NhJ5.s 			page 33


 1588 0177 13       		.uleb128 0x13
 1589 0178 3F       		.uleb128 0x3f
 1590 0179 19       		.uleb128 0x19
 1591 017a 3C       		.uleb128 0x3c
 1592 017b 19       		.uleb128 0x19
 1593 017c 00       		.byte	0
 1594 017d 00       		.byte	0
 1595 017e 1C       		.uleb128 0x1c
 1596 017f 35       		.uleb128 0x35
 1597 0180 00       		.byte	0
 1598 0181 49       		.uleb128 0x49
 1599 0182 13       		.uleb128 0x13
 1600 0183 00       		.byte	0
 1601 0184 00       		.byte	0
 1602 0185 1D       		.uleb128 0x1d
 1603 0186 2E       		.uleb128 0x2e
 1604 0187 01       		.byte	0x1
 1605 0188 3F       		.uleb128 0x3f
 1606 0189 19       		.uleb128 0x19
 1607 018a 03       		.uleb128 0x3
 1608 018b 0E       		.uleb128 0xe
 1609 018c 3A       		.uleb128 0x3a
 1610 018d 0B       		.uleb128 0xb
 1611 018e 3B       		.uleb128 0x3b
 1612 018f 0B       		.uleb128 0xb
 1613 0190 27       		.uleb128 0x27
 1614 0191 19       		.uleb128 0x19
 1615 0192 3C       		.uleb128 0x3c
 1616 0193 19       		.uleb128 0x19
 1617 0194 01       		.uleb128 0x1
 1618 0195 13       		.uleb128 0x13
 1619 0196 00       		.byte	0
 1620 0197 00       		.byte	0
 1621 0198 1E       		.uleb128 0x1e
 1622 0199 05       		.uleb128 0x5
 1623 019a 00       		.byte	0
 1624 019b 49       		.uleb128 0x49
 1625 019c 13       		.uleb128 0x13
 1626 019d 00       		.byte	0
 1627 019e 00       		.byte	0
 1628 019f 1F       		.uleb128 0x1f
 1629 01a0 2E       		.uleb128 0x2e
 1630 01a1 01       		.byte	0x1
 1631 01a2 3F       		.uleb128 0x3f
 1632 01a3 19       		.uleb128 0x19
 1633 01a4 03       		.uleb128 0x3
 1634 01a5 0E       		.uleb128 0xe
 1635 01a6 3A       		.uleb128 0x3a
 1636 01a7 0B       		.uleb128 0xb
 1637 01a8 3B       		.uleb128 0x3b
 1638 01a9 0B       		.uleb128 0xb
 1639 01aa 3C       		.uleb128 0x3c
 1640 01ab 19       		.uleb128 0x19
 1641 01ac 01       		.uleb128 0x1
 1642 01ad 13       		.uleb128 0x13
 1643 01ae 00       		.byte	0
 1644 01af 00       		.byte	0
ARM GAS  C:\Users\Oskari\AppData\Local\Temp\cc00NhJ5.s 			page 34


 1645 01b0 20       		.uleb128 0x20
 1646 01b1 18       		.uleb128 0x18
 1647 01b2 00       		.byte	0
 1648 01b3 00       		.byte	0
 1649 01b4 00       		.byte	0
 1650 01b5 21       		.uleb128 0x21
 1651 01b6 2E       		.uleb128 0x2e
 1652 01b7 00       		.byte	0
 1653 01b8 3F       		.uleb128 0x3f
 1654 01b9 19       		.uleb128 0x19
 1655 01ba 03       		.uleb128 0x3
 1656 01bb 0E       		.uleb128 0xe
 1657 01bc 3A       		.uleb128 0x3a
 1658 01bd 0B       		.uleb128 0xb
 1659 01be 3B       		.uleb128 0x3b
 1660 01bf 0B       		.uleb128 0xb
 1661 01c0 27       		.uleb128 0x27
 1662 01c1 19       		.uleb128 0x19
 1663 01c2 3C       		.uleb128 0x3c
 1664 01c3 19       		.uleb128 0x19
 1665 01c4 00       		.byte	0
 1666 01c5 00       		.byte	0
 1667 01c6 22       		.uleb128 0x22
 1668 01c7 2E       		.uleb128 0x2e
 1669 01c8 01       		.byte	0x1
 1670 01c9 3F       		.uleb128 0x3f
 1671 01ca 19       		.uleb128 0x19
 1672 01cb 03       		.uleb128 0x3
 1673 01cc 0E       		.uleb128 0xe
 1674 01cd 3A       		.uleb128 0x3a
 1675 01ce 0B       		.uleb128 0xb
 1676 01cf 3B       		.uleb128 0x3b
 1677 01d0 0B       		.uleb128 0xb
 1678 01d1 6E       		.uleb128 0x6e
 1679 01d2 0E       		.uleb128 0xe
 1680 01d3 27       		.uleb128 0x27
 1681 01d4 19       		.uleb128 0x19
 1682 01d5 49       		.uleb128 0x49
 1683 01d6 13       		.uleb128 0x13
 1684 01d7 3C       		.uleb128 0x3c
 1685 01d8 19       		.uleb128 0x19
 1686 01d9 01       		.uleb128 0x1
 1687 01da 13       		.uleb128 0x13
 1688 01db 00       		.byte	0
 1689 01dc 00       		.byte	0
 1690 01dd 23       		.uleb128 0x23
 1691 01de 2E       		.uleb128 0x2e
 1692 01df 00       		.byte	0
 1693 01e0 3F       		.uleb128 0x3f
 1694 01e1 19       		.uleb128 0x19
 1695 01e2 03       		.uleb128 0x3
 1696 01e3 0E       		.uleb128 0xe
 1697 01e4 3A       		.uleb128 0x3a
 1698 01e5 0B       		.uleb128 0xb
 1699 01e6 3B       		.uleb128 0x3b
 1700 01e7 0B       		.uleb128 0xb
 1701 01e8 27       		.uleb128 0x27
ARM GAS  C:\Users\Oskari\AppData\Local\Temp\cc00NhJ5.s 			page 35


 1702 01e9 19       		.uleb128 0x19
 1703 01ea 49       		.uleb128 0x49
 1704 01eb 13       		.uleb128 0x13
 1705 01ec 3C       		.uleb128 0x3c
 1706 01ed 19       		.uleb128 0x19
 1707 01ee 00       		.byte	0
 1708 01ef 00       		.byte	0
 1709 01f0 00       		.byte	0
 1710              		.section	.debug_loc,"",%progbits
 1711              	.Ldebug_loc0:
 1712              	.LLST0:
 1713 0000 0C000000 		.4byte	.LVL0
 1714 0004 34000000 		.4byte	.LVL8
 1715 0008 0200     		.2byte	0x2
 1716 000a 31       		.byte	0x31
 1717 000b 9F       		.byte	0x9f
 1718 000c 34000000 		.4byte	.LVL8
 1719 0010 90020000 		.4byte	.LFE63
 1720 0014 0100     		.2byte	0x1
 1721 0016 5A       		.byte	0x5a
 1722 0017 00000000 		.4byte	0
 1723 001b 00000000 		.4byte	0
 1724              	.LLST1:
 1725 001f C4000000 		.4byte	.LVL23
 1726 0023 58010000 		.4byte	.LVL38
 1727 0027 0600     		.2byte	0x6
 1728 0029 56       		.byte	0x56
 1729 002a 93       		.byte	0x93
 1730 002b 04       		.uleb128 0x4
 1731 002c 57       		.byte	0x57
 1732 002d 93       		.byte	0x93
 1733 002e 04       		.uleb128 0x4
 1734 002f 58010000 		.4byte	.LVL38
 1735 0033 5C010000 		.4byte	.LVL39
 1736 0037 0A00     		.2byte	0xa
 1737 0039 9E       		.byte	0x9e
 1738 003a 08       		.uleb128 0x8
 1739 003b 00000000 		.4byte	0
 1740 003f 00000000 		.4byte	0
 1741 0043 5C010000 		.4byte	.LVL39
 1742 0047 70010000 		.4byte	.LVL41
 1743 004b 0600     		.2byte	0x6
 1744 004d 56       		.byte	0x56
 1745 004e 93       		.byte	0x93
 1746 004f 04       		.uleb128 0x4
 1747 0050 57       		.byte	0x57
 1748 0051 93       		.byte	0x93
 1749 0052 04       		.uleb128 0x4
 1750 0053 72010000 		.4byte	.LVL42
 1751 0057 D8010000 		.4byte	.LVL49
 1752 005b 0600     		.2byte	0x6
 1753 005d 56       		.byte	0x56
 1754 005e 93       		.byte	0x93
 1755 005f 04       		.uleb128 0x4
 1756 0060 57       		.byte	0x57
 1757 0061 93       		.byte	0x93
 1758 0062 04       		.uleb128 0x4
ARM GAS  C:\Users\Oskari\AppData\Local\Temp\cc00NhJ5.s 			page 36


 1759 0063 DA010000 		.4byte	.LVL50
 1760 0067 E4010000 		.4byte	.LVL52
 1761 006b 0600     		.2byte	0x6
 1762 006d 56       		.byte	0x56
 1763 006e 93       		.byte	0x93
 1764 006f 04       		.uleb128 0x4
 1765 0070 57       		.byte	0x57
 1766 0071 93       		.byte	0x93
 1767 0072 04       		.uleb128 0x4
 1768 0073 00000000 		.4byte	0
 1769 0077 00000000 		.4byte	0
 1770              	.LLST2:
 1771 007b 1A010000 		.4byte	.LVL31
 1772 007f 56010000 		.4byte	.LVL37
 1773 0083 0600     		.2byte	0x6
 1774 0085 54       		.byte	0x54
 1775 0086 93       		.byte	0x93
 1776 0087 04       		.uleb128 0x4
 1777 0088 55       		.byte	0x55
 1778 0089 93       		.byte	0x93
 1779 008a 04       		.uleb128 0x4
 1780 008b 58010000 		.4byte	.LVL38
 1781 008f 72010000 		.4byte	.LVL42
 1782 0093 0600     		.2byte	0x6
 1783 0095 54       		.byte	0x54
 1784 0096 93       		.byte	0x93
 1785 0097 04       		.uleb128 0x4
 1786 0098 55       		.byte	0x55
 1787 0099 93       		.byte	0x93
 1788 009a 04       		.uleb128 0x4
 1789 009b 72010000 		.4byte	.LVL42
 1790 009f 76010000 		.4byte	.LVL43
 1791 00a3 0A00     		.2byte	0xa
 1792 00a5 9E       		.byte	0x9e
 1793 00a6 08       		.uleb128 0x8
 1794 00a7 00000000 		.4byte	0
 1795 00ab 00000000 		.4byte	0
 1796 00af 76010000 		.4byte	.LVL43
 1797 00b3 AC010000 		.4byte	.LVL46
 1798 00b7 0600     		.2byte	0x6
 1799 00b9 54       		.byte	0x54
 1800 00ba 93       		.byte	0x93
 1801 00bb 04       		.uleb128 0x4
 1802 00bc 55       		.byte	0x55
 1803 00bd 93       		.byte	0x93
 1804 00be 04       		.uleb128 0x4
 1805 00bf B4010000 		.4byte	.LVL47
 1806 00c3 D6010000 		.4byte	.LVL48
 1807 00c7 0600     		.2byte	0x6
 1808 00c9 54       		.byte	0x54
 1809 00ca 93       		.byte	0x93
 1810 00cb 04       		.uleb128 0x4
 1811 00cc 55       		.byte	0x55
 1812 00cd 93       		.byte	0x93
 1813 00ce 04       		.uleb128 0x4
 1814 00cf DA010000 		.4byte	.LVL50
 1815 00d3 EE010000 		.4byte	.LVL54
ARM GAS  C:\Users\Oskari\AppData\Local\Temp\cc00NhJ5.s 			page 37


 1816 00d7 0600     		.2byte	0x6
 1817 00d9 54       		.byte	0x54
 1818 00da 93       		.byte	0x93
 1819 00db 04       		.uleb128 0x4
 1820 00dc 55       		.byte	0x55
 1821 00dd 93       		.byte	0x93
 1822 00de 04       		.uleb128 0x4
 1823 00df 00000000 		.4byte	0
 1824 00e3 00000000 		.4byte	0
 1825              	.LLST3:
 1826 00e7 1A010000 		.4byte	.LVL31
 1827 00eb 2E010000 		.4byte	.LVL33
 1828 00ef 0800     		.2byte	0x8
 1829 00f1 F5       		.byte	0xf5
 1830 00f2 06       		.uleb128 0x6
 1831 00f3 25       		.uleb128 0x25
 1832 00f4 F7       		.byte	0xf7
 1833 00f5 2C       		.uleb128 0x2c
 1834 00f6 F7       		.byte	0xf7
 1835 00f7 00       		.uleb128 0
 1836 00f8 9F       		.byte	0x9f
 1837 00f9 00000000 		.4byte	0
 1838 00fd 00000000 		.4byte	0
 1839              	.LLST4:
 1840 0101 1A010000 		.4byte	.LVL31
 1841 0105 42010000 		.4byte	.LVL35
 1842 0109 0800     		.2byte	0x8
 1843 010b F5       		.byte	0xf5
 1844 010c 04       		.uleb128 0x4
 1845 010d 25       		.uleb128 0x25
 1846 010e F7       		.byte	0xf7
 1847 010f 2C       		.uleb128 0x2c
 1848 0110 F7       		.byte	0xf7
 1849 0111 00       		.uleb128 0
 1850 0112 9F       		.byte	0x9f
 1851 0113 00000000 		.4byte	0
 1852 0117 00000000 		.4byte	0
 1853              	.LLST5:
 1854 011b 00000000 		.4byte	.LVL63
 1855 011f 0A000000 		.4byte	.LVL65
 1856 0123 0100     		.2byte	0x1
 1857 0125 50       		.byte	0x50
 1858 0126 0A000000 		.4byte	.LVL65
 1859 012a 2A000000 		.4byte	.LFE64
 1860 012e 0400     		.2byte	0x4
 1861 0130 F3       		.byte	0xf3
 1862 0131 01       		.uleb128 0x1
 1863 0132 50       		.byte	0x50
 1864 0133 9F       		.byte	0x9f
 1865 0134 00000000 		.4byte	0
 1866 0138 00000000 		.4byte	0
 1867              	.LLST6:
 1868 013c 00000000 		.4byte	.LVL63
 1869 0140 0A000000 		.4byte	.LVL65
 1870 0144 0100     		.2byte	0x1
 1871 0146 51       		.byte	0x51
 1872 0147 0A000000 		.4byte	.LVL65
ARM GAS  C:\Users\Oskari\AppData\Local\Temp\cc00NhJ5.s 			page 38


 1873 014b 18000000 		.4byte	.LVL67
 1874 014f 0100     		.2byte	0x1
 1875 0151 54       		.byte	0x54
 1876 0152 18000000 		.4byte	.LVL67
 1877 0156 22000000 		.4byte	.LVL70
 1878 015a 0100     		.2byte	0x1
 1879 015c 56       		.byte	0x56
 1880 015d 22000000 		.4byte	.LVL70
 1881 0161 2A000000 		.4byte	.LFE64
 1882 0165 0100     		.2byte	0x1
 1883 0167 54       		.byte	0x54
 1884 0168 00000000 		.4byte	0
 1885 016c 00000000 		.4byte	0
 1886              	.LLST7:
 1887 0170 00000000 		.4byte	.LVL63
 1888 0174 0A000000 		.4byte	.LVL65
 1889 0178 0100     		.2byte	0x1
 1890 017a 52       		.byte	0x52
 1891 017b 0A000000 		.4byte	.LVL65
 1892 017f 2A000000 		.4byte	.LFE64
 1893 0183 0100     		.2byte	0x1
 1894 0185 57       		.byte	0x57
 1895 0186 00000000 		.4byte	0
 1896 018a 00000000 		.4byte	0
 1897              	.LLST8:
 1898 018e 06000000 		.4byte	.LVL64
 1899 0192 0A000000 		.4byte	.LVL65
 1900 0196 0200     		.2byte	0x2
 1901 0198 30       		.byte	0x30
 1902 0199 9F       		.byte	0x9f
 1903 019a 0A000000 		.4byte	.LVL65
 1904 019e 2A000000 		.4byte	.LFE64
 1905 01a2 0100     		.2byte	0x1
 1906 01a4 55       		.byte	0x55
 1907 01a5 00000000 		.4byte	0
 1908 01a9 00000000 		.4byte	0
 1909              	.LLST9:
 1910 01ad 00000000 		.4byte	.LVL71
 1911 01b1 0A000000 		.4byte	.LVL73
 1912 01b5 0100     		.2byte	0x1
 1913 01b7 50       		.byte	0x50
 1914 01b8 0A000000 		.4byte	.LVL73
 1915 01bc 38000000 		.4byte	.LFE65
 1916 01c0 0400     		.2byte	0x4
 1917 01c2 F3       		.byte	0xf3
 1918 01c3 01       		.uleb128 0x1
 1919 01c4 50       		.byte	0x50
 1920 01c5 9F       		.byte	0x9f
 1921 01c6 00000000 		.4byte	0
 1922 01ca 00000000 		.4byte	0
 1923              	.LLST10:
 1924 01ce 00000000 		.4byte	.LVL71
 1925 01d2 0A000000 		.4byte	.LVL73
 1926 01d6 0100     		.2byte	0x1
 1927 01d8 51       		.byte	0x51
 1928 01d9 0A000000 		.4byte	.LVL73
 1929 01dd 26000000 		.4byte	.LVL80
ARM GAS  C:\Users\Oskari\AppData\Local\Temp\cc00NhJ5.s 			page 39


 1930 01e1 0100     		.2byte	0x1
 1931 01e3 57       		.byte	0x57
 1932 01e4 26000000 		.4byte	.LVL80
 1933 01e8 30000000 		.4byte	.LVL82
 1934 01ec 0100     		.2byte	0x1
 1935 01ee 53       		.byte	0x53
 1936 01ef 30000000 		.4byte	.LVL82
 1937 01f3 34000000 		.4byte	.LVL83
 1938 01f7 0100     		.2byte	0x1
 1939 01f9 57       		.byte	0x57
 1940 01fa 00000000 		.4byte	0
 1941 01fe 00000000 		.4byte	0
 1942              	.LLST11:
 1943 0202 00000000 		.4byte	.LVL71
 1944 0206 0A000000 		.4byte	.LVL73
 1945 020a 0100     		.2byte	0x1
 1946 020c 52       		.byte	0x52
 1947 020d 0A000000 		.4byte	.LVL73
 1948 0211 38000000 		.4byte	.LFE65
 1949 0215 0100     		.2byte	0x1
 1950 0217 54       		.byte	0x54
 1951 0218 00000000 		.4byte	0
 1952 021c 00000000 		.4byte	0
 1953              	.LLST12:
 1954 0220 06000000 		.4byte	.LVL72
 1955 0224 0A000000 		.4byte	.LVL73
 1956 0228 0200     		.2byte	0x2
 1957 022a 30       		.byte	0x30
 1958 022b 9F       		.byte	0x9f
 1959 022c 0A000000 		.4byte	.LVL73
 1960 0230 38000000 		.4byte	.LFE65
 1961 0234 0100     		.2byte	0x1
 1962 0236 56       		.byte	0x56
 1963 0237 00000000 		.4byte	0
 1964 023b 00000000 		.4byte	0
 1965              	.LLST13:
 1966 023f 0E000000 		.4byte	.LVL74
 1967 0243 15000000 		.4byte	.LVL75-1
 1968 0247 0100     		.2byte	0x1
 1969 0249 50       		.byte	0x50
 1970 024a 1C000000 		.4byte	.LVL77
 1971 024e 24000000 		.4byte	.LVL79
 1972 0252 0200     		.2byte	0x2
 1973 0254 3A       		.byte	0x3a
 1974 0255 9F       		.byte	0x9f
 1975 0256 24000000 		.4byte	.LVL79
 1976 025a 30000000 		.4byte	.LVL82
 1977 025e 0100     		.2byte	0x1
 1978 0260 55       		.byte	0x55
 1979 0261 00000000 		.4byte	0
 1980 0265 00000000 		.4byte	0
 1981              		.section	.debug_aranges,"",%progbits
 1982 0000 2C000000 		.4byte	0x2c
 1983 0004 0200     		.2byte	0x2
 1984 0006 00000000 		.4byte	.Ldebug_info0
 1985 000a 04       		.byte	0x4
 1986 000b 00       		.byte	0
ARM GAS  C:\Users\Oskari\AppData\Local\Temp\cc00NhJ5.s 			page 40


 1987 000c 0000     		.2byte	0
 1988 000e 0000     		.2byte	0
 1989 0010 00000000 		.4byte	.LFB63
 1990 0014 90020000 		.4byte	.LFE63-.LFB63
 1991 0018 00000000 		.4byte	.LFB64
 1992 001c 2A000000 		.4byte	.LFE64-.LFB64
 1993 0020 00000000 		.4byte	.LFB65
 1994 0024 38000000 		.4byte	.LFE65-.LFB65
 1995 0028 00000000 		.4byte	0
 1996 002c 00000000 		.4byte	0
 1997              		.section	.debug_ranges,"",%progbits
 1998              	.Ldebug_ranges0:
 1999 0000 00000000 		.4byte	.LFB63
 2000 0004 90020000 		.4byte	.LFE63
 2001 0008 00000000 		.4byte	.LFB64
 2002 000c 2A000000 		.4byte	.LFE64
 2003 0010 00000000 		.4byte	.LFB65
 2004 0014 38000000 		.4byte	.LFE65
 2005 0018 00000000 		.4byte	0
 2006 001c 00000000 		.4byte	0
 2007              		.section	.debug_line,"",%progbits
 2008              	.Ldebug_line0:
 2009 0000 AA020000 		.section	.debug_str,"MS",%progbits,1
 2009      0200DB01 
 2009      00000201 
 2009      FB0E0D00 
 2009      01010101 
 2010              	.LASF56:
 2011 0000 5F5F6275 		.ascii	"__builtin_puts\000"
 2011      696C7469 
 2011      6E5F7075 
 2011      747300
 2012              	.LASF58:
 2013 000f 55415254 		.ascii	"UART_1_GetChar\000"
 2013      5F315F47 
 2013      65744368 
 2013      617200
 2014              	.LASF40:
 2015 001e 6D6F746F 		.ascii	"motor_stop\000"
 2015      725F7374 
 2015      6F7000
 2016              	.LASF3:
 2017 0029 73686F72 		.ascii	"short int\000"
 2017      7420696E 
 2017      7400
 2018              	.LASF20:
 2019 0033 73697A65 		.ascii	"sizetype\000"
 2019      74797065 
 2019      00
 2020              	.LASF9:
 2021 003c 6C6F6E67 		.ascii	"long long int\000"
 2021      206C6F6E 
 2021      6720696E 
 2021      7400
 2022              	.LASF23:
 2023 004a 6F696B65 		.ascii	"oikee\000"
 2023      6500
ARM GAS  C:\Users\Oskari\AppData\Local\Temp\cc00NhJ5.s 			page 41


 2024              	.LASF5:
 2025 0050 5F5F7569 		.ascii	"__uint16_t\000"
 2025      6E743136 
 2025      5F7400
 2026              	.LASF32:
 2027 005b 66696C65 		.ascii	"file\000"
 2027      00
 2028              	.LASF53:
 2029 0060 73656E73 		.ascii	"sensors_\000"
 2029      6F72735F 
 2029      00
 2030              	.LASF16:
 2031 0069 696E7431 		.ascii	"int16\000"
 2031      3600
 2032              	.LASF39:
 2033 006f 6D6F746F 		.ascii	"motor_turn\000"
 2033      725F7475 
 2033      726E00
 2034              	.LASF14:
 2035 007a 75696E74 		.ascii	"uint8\000"
 2035      3800
 2036              	.LASF52:
 2037 0080 433A5C55 		.ascii	"C:\\Users\\Oskari\\Documents\\PSoC Creator\\Zumo01\\"
 2037      73657273 
 2037      5C4F736B 
 2037      6172695C 
 2037      446F6375 
 2038 00ae 5A756D6F 		.ascii	"ZumoBot.cydsn\000"
 2038      426F742E 
 2038      63796473 
 2038      6E00
 2039              	.LASF26:
 2040 00bc 73706565 		.ascii	"speedVtupla\000"
 2040      64567475 
 2040      706C6100 
 2041              	.LASF44:
 2042 00c8 7265666C 		.ascii	"reflectance_start\000"
 2042      65637461 
 2042      6E63655F 
 2042      73746172 
 2042      7400
 2043              	.LASF43:
 2044 00da 55415254 		.ascii	"UART_1_Start\000"
 2044      5F315F53 
 2044      74617274 
 2044      00
 2045              	.LASF49:
 2046 00e7 55415254 		.ascii	"UART_1_PutChar\000"
 2046      5F315F50 
 2046      75744368 
 2046      617200
 2047              	.LASF30:
 2048 00f6 73706565 		.ascii	"speedO\000"
 2048      644F00
 2049              	.LASF17:
 2050 00fd 666C6F61 		.ascii	"float\000"
 2050      7400
ARM GAS  C:\Users\Oskari\AppData\Local\Temp\cc00NhJ5.s 			page 42


 2051              	.LASF25:
 2052 0103 73706565 		.ascii	"speedOtupla\000"
 2052      644F7475 
 2052      706C6100 
 2053              	.LASF31:
 2054 010f 73706565 		.ascii	"speedV\000"
 2054      645600
 2055              	.LASF37:
 2056 0116 7265666C 		.ascii	"reflectance_digital\000"
 2056      65637461 
 2056      6E63655F 
 2056      64696769 
 2056      74616C00 
 2057              	.LASF7:
 2058 012a 6C6F6E67 		.ascii	"long int\000"
 2058      20696E74 
 2058      00
 2059              	.LASF33:
 2060 0133 5F777269 		.ascii	"_write\000"
 2060      746500
 2061              	.LASF2:
 2062 013a 756E7369 		.ascii	"unsigned char\000"
 2062      676E6564 
 2062      20636861 
 2062      7200
 2063              	.LASF21:
 2064 0148 6C6F6E67 		.ascii	"long double\000"
 2064      20646F75 
 2064      626C6500 
 2065              	.LASF45:
 2066 0154 4144435F 		.ascii	"ADC_Battery_Start\000"
 2066      42617474 
 2066      6572795F 
 2066      53746172 
 2066      7400
 2067              	.LASF19:
 2068 0166 63796973 		.ascii	"cyisraddress\000"
 2068      72616464 
 2068      72657373 
 2068      00
 2069              	.LASF34:
 2070 0173 5F726561 		.ascii	"_read\000"
 2070      6400
 2071              	.LASF1:
 2072 0179 7369676E 		.ascii	"signed char\000"
 2072      65642063 
 2072      68617200 
 2073              	.LASF10:
 2074 0185 6C6F6E67 		.ascii	"long long unsigned int\000"
 2074      206C6F6E 
 2074      6720756E 
 2074      7369676E 
 2074      65642069 
 2075              	.LASF11:
 2076 019c 756E7369 		.ascii	"unsigned int\000"
 2076      676E6564 
 2076      20696E74 
ARM GAS  C:\Users\Oskari\AppData\Local\Temp\cc00NhJ5.s 			page 43


 2076      00
 2077              	.LASF12:
 2078 01a9 75696E74 		.ascii	"uint16_t\000"
 2078      31365F74 
 2078      00
 2079              	.LASF57:
 2080 01b2 70757473 		.ascii	"puts\000"
 2080      00
 2081              	.LASF4:
 2082 01b7 73686F72 		.ascii	"short unsigned int\000"
 2082      7420756E 
 2082      7369676E 
 2082      65642069 
 2082      6E7400
 2083              	.LASF29:
 2084 01ca 766F6C74 		.ascii	"volts\000"
 2084      7300
 2085              	.LASF22:
 2086 01d0 76617365 		.ascii	"vase\000"
 2086      00
 2087              	.LASF18:
 2088 01d5 63686172 		.ascii	"char\000"
 2088      00
 2089              	.LASF50:
 2090 01da 474E5520 		.ascii	"GNU C 4.9.3 20150303 (release) [ARM/embedded-4_9-br"
 2090      4320342E 
 2090      392E3320 
 2090      32303135 
 2090      30333033 
 2091 020d 616E6368 		.ascii	"anch revision 221220] -mcpu=cortex-m3 -mthumb -g -O"
 2091      20726576 
 2091      6973696F 
 2091      6E203232 
 2091      31323230 
 2092 0240 67202D66 		.ascii	"g -ffunction-sections -ffat-lto-objects\000"
 2092      66756E63 
 2092      74696F6E 
 2092      2D736563 
 2092      74696F6E 
 2093              	.LASF54:
 2094 0268 6D61696E 		.ascii	"main\000"
 2094      00
 2095              	.LASF13:
 2096 026d 696E7433 		.ascii	"int32_t\000"
 2096      325F7400 
 2097              	.LASF48:
 2098 0275 42617474 		.ascii	"BatteryLed_Write\000"
 2098      6572794C 
 2098      65645F57 
 2098      72697465 
 2098      00
 2099              	.LASF15:
 2100 0286 75696E74 		.ascii	"uint32\000"
 2100      333200
 2101              	.LASF51:
 2102 028d 6D61696E 		.ascii	"main.c\000"
 2102      2E6300
ARM GAS  C:\Users\Oskari\AppData\Local\Temp\cc00NhJ5.s 			page 44


 2103              	.LASF8:
 2104 0294 6C6F6E67 		.ascii	"long unsigned int\000"
 2104      20756E73 
 2104      69676E65 
 2104      6420696E 
 2104      7400
 2105              	.LASF47:
 2106 02a6 73656E73 		.ascii	"sensor_isr_StartEx\000"
 2106      6F725F69 
 2106      73725F53 
 2106      74617274 
 2106      457800
 2107              	.LASF42:
 2108 02b9 6D6F746F 		.ascii	"motor_start\000"
 2108      725F7374 
 2108      61727400 
 2109              	.LASF41:
 2110 02c5 77616974 		.ascii	"wait_going_down\000"
 2110      5F676F69 
 2110      6E675F64 
 2110      6F776E00 
 2111              	.LASF35:
 2112 02d5 636F756E 		.ascii	"count\000"
 2112      7400
 2113              	.LASF6:
 2114 02db 5F5F696E 		.ascii	"__int32_t\000"
 2114      7433325F 
 2114      7400
 2115              	.LASF36:
 2116 02e5 7265666C 		.ascii	"reflectance_read\000"
 2116      65637461 
 2116      6E63655F 
 2116      72656164 
 2116      00
 2117              	.LASF24:
 2118 02f6 73706565 		.ascii	"speedmax\000"
 2118      646D6178 
 2118      00
 2119              	.LASF28:
 2120 02ff 61646372 		.ascii	"adcresult\000"
 2120      6573756C 
 2120      7400
 2121              	.LASF0:
 2122 0309 646F7562 		.ascii	"double\000"
 2122      6C6500
 2123              	.LASF55:
 2124 0310 49544D5F 		.ascii	"ITM_RxBuffer\000"
 2124      52784275 
 2124      66666572 
 2124      00
 2125              	.LASF27:
 2126 031d 6D757374 		.ascii	"mustaviiva\000"
 2126      61766969 
 2126      766100
 2127              	.LASF38:
 2128 0328 43794465 		.ascii	"CyDelay\000"
 2128      6C617900 
ARM GAS  C:\Users\Oskari\AppData\Local\Temp\cc00NhJ5.s 			page 45


 2129              	.LASF46:
 2130 0330 49525F6C 		.ascii	"IR_led_Write\000"
 2130      65645F57 
 2130      72697465 
 2130      00
 2131              		.ident	"GCC: (GNU Tools for ARM Embedded Processors) 4.9.3 20150303 (release) [ARM/embedded-4_9-br
