ARM GAS  C:\Users\Oskari\AppData\Local\Temp\ccWu8Yl9.s 			page 1


   1              		.syntax unified
   2              		.cpu cortex-m3
   3              		.fpu softvfp
   4              		.eabi_attribute 20, 1
   5              		.eabi_attribute 21, 1
   6              		.eabi_attribute 23, 3
   7              		.eabi_attribute 24, 1
   8              		.eabi_attribute 25, 1
   9              		.eabi_attribute 26, 1
  10              		.eabi_attribute 30, 1
  11              		.eabi_attribute 34, 1
  12              		.eabi_attribute 18, 4
  13              		.thumb
  14              		.file	"Motor.c"
  15              		.text
  16              	.Ltext0:
  17              		.cfi_sections	.debug_frame
  18              		.section	.text.motor_start,"ax",%progbits
  19              		.align	2
  20              		.global	motor_start
  21              		.thumb
  22              		.thumb_func
  23              		.type	motor_start, %function
  24              	motor_start:
  25              	.LFB63:
  26              		.file 1 "ZumoLibrary\\Motor.c"
   1:ZumoLibrary/Motor.c **** /**
   2:ZumoLibrary/Motor.c ****  * @file    Motor.c
   3:ZumoLibrary/Motor.c ****  * @brief   Basic methods for operating motor sensor. For more details, please refer to Motor.h fil
   4:ZumoLibrary/Motor.c ****  * @details included in Zumo shield
   5:ZumoLibrary/Motor.c **** */
   6:ZumoLibrary/Motor.c **** #include "Motor.h"
   7:ZumoLibrary/Motor.c **** 
   8:ZumoLibrary/Motor.c **** 
   9:ZumoLibrary/Motor.c **** /**
  10:ZumoLibrary/Motor.c **** * @brief    Starting motor sensors
  11:ZumoLibrary/Motor.c **** * @details  
  12:ZumoLibrary/Motor.c **** */
  13:ZumoLibrary/Motor.c **** void motor_start()
  14:ZumoLibrary/Motor.c **** {
  27              		.loc 1 14 0
  28              		.cfi_startproc
  29              		@ args = 0, pretend = 0, frame = 0
  30              		@ frame_needed = 0, uses_anonymous_args = 0
  31 0000 08B5     		push	{r3, lr}
  32              		.cfi_def_cfa_offset 8
  33              		.cfi_offset 3, -8
  34              		.cfi_offset 14, -4
  15:ZumoLibrary/Motor.c ****     PWM_Start();
  35              		.loc 1 15 0
  36 0002 FFF7FEFF 		bl	PWM_Start
  37              	.LVL0:
  38 0006 08BD     		pop	{r3, pc}
  39              		.cfi_endproc
  40              	.LFE63:
  41              		.size	motor_start, .-motor_start
  42              		.section	.text.motor_stop,"ax",%progbits
ARM GAS  C:\Users\Oskari\AppData\Local\Temp\ccWu8Yl9.s 			page 2


  43              		.align	2
  44              		.global	motor_stop
  45              		.thumb
  46              		.thumb_func
  47              		.type	motor_stop, %function
  48              	motor_stop:
  49              	.LFB64:
  16:ZumoLibrary/Motor.c **** }
  17:ZumoLibrary/Motor.c **** 
  18:ZumoLibrary/Motor.c **** 
  19:ZumoLibrary/Motor.c **** /**
  20:ZumoLibrary/Motor.c **** * @brief    Stopping motor sensors
  21:ZumoLibrary/Motor.c **** * @details
  22:ZumoLibrary/Motor.c **** */
  23:ZumoLibrary/Motor.c **** void motor_stop()
  24:ZumoLibrary/Motor.c **** {
  50              		.loc 1 24 0
  51              		.cfi_startproc
  52              		@ args = 0, pretend = 0, frame = 0
  53              		@ frame_needed = 0, uses_anonymous_args = 0
  54 0000 08B5     		push	{r3, lr}
  55              		.cfi_def_cfa_offset 8
  56              		.cfi_offset 3, -8
  57              		.cfi_offset 14, -4
  25:ZumoLibrary/Motor.c ****     PWM_Stop();
  58              		.loc 1 25 0
  59 0002 FFF7FEFF 		bl	PWM_Stop
  60              	.LVL1:
  61 0006 08BD     		pop	{r3, pc}
  62              		.cfi_endproc
  63              	.LFE64:
  64              		.size	motor_stop, .-motor_stop
  65              		.section	.text.motor_forward,"ax",%progbits
  66              		.align	2
  67              		.global	motor_forward
  68              		.thumb
  69              		.thumb_func
  70              		.type	motor_forward, %function
  71              	motor_forward:
  72              	.LFB65:
  26:ZumoLibrary/Motor.c **** }
  27:ZumoLibrary/Motor.c **** 
  28:ZumoLibrary/Motor.c **** 
  29:ZumoLibrary/Motor.c **** /**
  30:ZumoLibrary/Motor.c **** * @brief    Moving motors forward
  31:ZumoLibrary/Motor.c **** * @details  giveing same speed to each side of PWM to make motors go forward
  32:ZumoLibrary/Motor.c **** * @param    uint8 speed : speed value
  33:ZumoLibrary/Motor.c **** * @param    uint32 delay : delay time
  34:ZumoLibrary/Motor.c **** */
  35:ZumoLibrary/Motor.c **** void motor_forward(uint8 speed,uint32 delay)
  36:ZumoLibrary/Motor.c **** {
  73              		.loc 1 36 0
  74              		.cfi_startproc
  75              		@ args = 0, pretend = 0, frame = 0
  76              		@ frame_needed = 0, uses_anonymous_args = 0
  77              	.LVL2:
  78 0000 38B5     		push	{r3, r4, r5, lr}
ARM GAS  C:\Users\Oskari\AppData\Local\Temp\ccWu8Yl9.s 			page 3


  79              		.cfi_def_cfa_offset 16
  80              		.cfi_offset 3, -16
  81              		.cfi_offset 4, -12
  82              		.cfi_offset 5, -8
  83              		.cfi_offset 14, -4
  84 0002 0446     		mov	r4, r0
  85 0004 0D46     		mov	r5, r1
  37:ZumoLibrary/Motor.c ****     MotorDirLeft_Write(0);      // set LeftMotor forward mode
  86              		.loc 1 37 0
  87 0006 0020     		movs	r0, #0
  88              	.LVL3:
  89 0008 FFF7FEFF 		bl	MotorDirLeft_Write
  90              	.LVL4:
  38:ZumoLibrary/Motor.c ****     MotorDirRight_Write(0);     // set RightMotor forward mode
  91              		.loc 1 38 0
  92 000c 0020     		movs	r0, #0
  93 000e FFF7FEFF 		bl	MotorDirRight_Write
  94              	.LVL5:
  39:ZumoLibrary/Motor.c ****     PWM_WriteCompare1(speed); 
  95              		.loc 1 39 0
  96 0012 2046     		mov	r0, r4
  97 0014 FFF7FEFF 		bl	PWM_WriteCompare1
  98              	.LVL6:
  40:ZumoLibrary/Motor.c ****     PWM_WriteCompare2(speed); 
  99              		.loc 1 40 0
 100 0018 2046     		mov	r0, r4
 101 001a FFF7FEFF 		bl	PWM_WriteCompare2
 102              	.LVL7:
  41:ZumoLibrary/Motor.c ****     CyDelay(delay);
 103              		.loc 1 41 0
 104 001e 2846     		mov	r0, r5
 105 0020 FFF7FEFF 		bl	CyDelay
 106              	.LVL8:
 107 0024 38BD     		pop	{r3, r4, r5, pc}
 108              		.cfi_endproc
 109              	.LFE65:
 110              		.size	motor_forward, .-motor_forward
 111 0026 00BF     		.section	.text.motor_turn,"ax",%progbits
 112              		.align	2
 113              		.global	motor_turn
 114              		.thumb
 115              		.thumb_func
 116              		.type	motor_turn, %function
 117              	motor_turn:
 118              	.LFB66:
  42:ZumoLibrary/Motor.c **** }
  43:ZumoLibrary/Motor.c **** 
  44:ZumoLibrary/Motor.c **** 
  45:ZumoLibrary/Motor.c **** /**
  46:ZumoLibrary/Motor.c **** * @brief    Moving motors to make a turn 
  47:ZumoLibrary/Motor.c **** * @details  moving left when l_speed < r_speed or moving right when l_speed > r_speed
  48:ZumoLibrary/Motor.c **** * @param    uint8 l_speed : left motor speed value
  49:ZumoLibrary/Motor.c **** * @param    uint8 r_speed : right motor speed value
  50:ZumoLibrary/Motor.c **** * @param    uint32 delay : delay time
  51:ZumoLibrary/Motor.c **** */
  52:ZumoLibrary/Motor.c **** void motor_turn(uint8 l_speed, uint8 r_speed, uint32 delay)
  53:ZumoLibrary/Motor.c **** {
ARM GAS  C:\Users\Oskari\AppData\Local\Temp\ccWu8Yl9.s 			page 4


 119              		.loc 1 53 0
 120              		.cfi_startproc
 121              		@ args = 0, pretend = 0, frame = 0
 122              		@ frame_needed = 0, uses_anonymous_args = 0
 123              	.LVL9:
 124 0000 38B5     		push	{r3, r4, r5, lr}
 125              		.cfi_def_cfa_offset 16
 126              		.cfi_offset 3, -16
 127              		.cfi_offset 4, -12
 128              		.cfi_offset 5, -8
 129              		.cfi_offset 14, -4
 130 0002 0D46     		mov	r5, r1
 131 0004 1446     		mov	r4, r2
  54:ZumoLibrary/Motor.c ****     PWM_WriteCompare1(l_speed); 
 132              		.loc 1 54 0
 133 0006 FFF7FEFF 		bl	PWM_WriteCompare1
 134              	.LVL10:
  55:ZumoLibrary/Motor.c ****     PWM_WriteCompare2(r_speed); 
 135              		.loc 1 55 0
 136 000a 2846     		mov	r0, r5
 137 000c FFF7FEFF 		bl	PWM_WriteCompare2
 138              	.LVL11:
  56:ZumoLibrary/Motor.c ****     CyDelay(delay);
 139              		.loc 1 56 0
 140 0010 2046     		mov	r0, r4
 141 0012 FFF7FEFF 		bl	CyDelay
 142              	.LVL12:
 143 0016 38BD     		pop	{r3, r4, r5, pc}
 144              		.cfi_endproc
 145              	.LFE66:
 146              		.size	motor_turn, .-motor_turn
 147              		.section	.text.motor_backward,"ax",%progbits
 148              		.align	2
 149              		.global	motor_backward
 150              		.thumb
 151              		.thumb_func
 152              		.type	motor_backward, %function
 153              	motor_backward:
 154              	.LFB67:
  57:ZumoLibrary/Motor.c **** }
  58:ZumoLibrary/Motor.c **** 
  59:ZumoLibrary/Motor.c **** 
  60:ZumoLibrary/Motor.c **** /**
  61:ZumoLibrary/Motor.c **** * @brief    Moving motors backward
  62:ZumoLibrary/Motor.c **** * @details  setting backward mode to each motors and gives same speed to each side of PWM
  63:ZumoLibrary/Motor.c **** * @param    uint8 speed : speed value
  64:ZumoLibrary/Motor.c **** * @param    uint32 delay : delay time
  65:ZumoLibrary/Motor.c **** */
  66:ZumoLibrary/Motor.c **** void motor_backward(uint8 speed,uint32 delay)
  67:ZumoLibrary/Motor.c **** {
 155              		.loc 1 67 0
 156              		.cfi_startproc
 157              		@ args = 0, pretend = 0, frame = 0
 158              		@ frame_needed = 0, uses_anonymous_args = 0
 159              	.LVL13:
 160 0000 38B5     		push	{r3, r4, r5, lr}
 161              		.cfi_def_cfa_offset 16
ARM GAS  C:\Users\Oskari\AppData\Local\Temp\ccWu8Yl9.s 			page 5


 162              		.cfi_offset 3, -16
 163              		.cfi_offset 4, -12
 164              		.cfi_offset 5, -8
 165              		.cfi_offset 14, -4
 166 0002 0446     		mov	r4, r0
 167 0004 0D46     		mov	r5, r1
  68:ZumoLibrary/Motor.c ****     MotorDirLeft_Write(1);      // set LeftMotor backward mode
 168              		.loc 1 68 0
 169 0006 0120     		movs	r0, #1
 170              	.LVL14:
 171 0008 FFF7FEFF 		bl	MotorDirLeft_Write
 172              	.LVL15:
  69:ZumoLibrary/Motor.c ****     MotorDirRight_Write(1);     // set RightMotor backward mode
 173              		.loc 1 69 0
 174 000c 0120     		movs	r0, #1
 175 000e FFF7FEFF 		bl	MotorDirRight_Write
 176              	.LVL16:
  70:ZumoLibrary/Motor.c ****     PWM_WriteCompare1(speed); 
 177              		.loc 1 70 0
 178 0012 2046     		mov	r0, r4
 179 0014 FFF7FEFF 		bl	PWM_WriteCompare1
 180              	.LVL17:
  71:ZumoLibrary/Motor.c ****     PWM_WriteCompare2(speed); 
 181              		.loc 1 71 0
 182 0018 2046     		mov	r0, r4
 183 001a FFF7FEFF 		bl	PWM_WriteCompare2
 184              	.LVL18:
  72:ZumoLibrary/Motor.c ****     CyDelay(delay);
 185              		.loc 1 72 0
 186 001e 2846     		mov	r0, r5
 187 0020 FFF7FEFF 		bl	CyDelay
 188              	.LVL19:
 189 0024 38BD     		pop	{r3, r4, r5, pc}
 190              		.cfi_endproc
 191              	.LFE67:
 192              		.size	motor_backward, .-motor_backward
 193 0026 00BF     		.section	.text.motor_turboturnLeft,"ax",%progbits
 194              		.align	2
 195              		.global	motor_turboturnLeft
 196              		.thumb
 197              		.thumb_func
 198              		.type	motor_turboturnLeft, %function
 199              	motor_turboturnLeft:
 200              	.LFB68:
  73:ZumoLibrary/Motor.c **** }
  74:ZumoLibrary/Motor.c **** 
  75:ZumoLibrary/Motor.c **** void motor_turboturnLeft (uint8 speed,uint32 delay)
  76:ZumoLibrary/Motor.c **** {
 201              		.loc 1 76 0
 202              		.cfi_startproc
 203              		@ args = 0, pretend = 0, frame = 0
 204              		@ frame_needed = 0, uses_anonymous_args = 0
 205              	.LVL20:
 206 0000 38B5     		push	{r3, r4, r5, lr}
 207              		.cfi_def_cfa_offset 16
 208              		.cfi_offset 3, -16
 209              		.cfi_offset 4, -12
ARM GAS  C:\Users\Oskari\AppData\Local\Temp\ccWu8Yl9.s 			page 6


 210              		.cfi_offset 5, -8
 211              		.cfi_offset 14, -4
 212 0002 0446     		mov	r4, r0
 213 0004 0D46     		mov	r5, r1
  77:ZumoLibrary/Motor.c ****     MotorDirLeft_Write(1);      // set LeftMotor forward mode
 214              		.loc 1 77 0
 215 0006 0120     		movs	r0, #1
 216              	.LVL21:
 217 0008 FFF7FEFF 		bl	MotorDirLeft_Write
 218              	.LVL22:
  78:ZumoLibrary/Motor.c ****     MotorDirRight_Write(0);     // set RightMotor backward mode
 219              		.loc 1 78 0
 220 000c 0020     		movs	r0, #0
 221 000e FFF7FEFF 		bl	MotorDirRight_Write
 222              	.LVL23:
  79:ZumoLibrary/Motor.c ****     PWM_WriteCompare1(speed); 
 223              		.loc 1 79 0
 224 0012 2046     		mov	r0, r4
 225 0014 FFF7FEFF 		bl	PWM_WriteCompare1
 226              	.LVL24:
  80:ZumoLibrary/Motor.c ****     PWM_WriteCompare2(speed); 
 227              		.loc 1 80 0
 228 0018 2046     		mov	r0, r4
 229 001a FFF7FEFF 		bl	PWM_WriteCompare2
 230              	.LVL25:
  81:ZumoLibrary/Motor.c ****     CyDelay(delay);
 231              		.loc 1 81 0
 232 001e 2846     		mov	r0, r5
 233 0020 FFF7FEFF 		bl	CyDelay
 234              	.LVL26:
 235 0024 38BD     		pop	{r3, r4, r5, pc}
 236              		.cfi_endproc
 237              	.LFE68:
 238              		.size	motor_turboturnLeft, .-motor_turboturnLeft
 239 0026 00BF     		.section	.text.motor_turboturnRight,"ax",%progbits
 240              		.align	2
 241              		.global	motor_turboturnRight
 242              		.thumb
 243              		.thumb_func
 244              		.type	motor_turboturnRight, %function
 245              	motor_turboturnRight:
 246              	.LFB69:
  82:ZumoLibrary/Motor.c **** }
  83:ZumoLibrary/Motor.c **** 
  84:ZumoLibrary/Motor.c **** void motor_turboturnRight (uint8 speed,uint32 delay)
  85:ZumoLibrary/Motor.c **** {
 247              		.loc 1 85 0
 248              		.cfi_startproc
 249              		@ args = 0, pretend = 0, frame = 0
 250              		@ frame_needed = 0, uses_anonymous_args = 0
 251              	.LVL27:
 252 0000 38B5     		push	{r3, r4, r5, lr}
 253              		.cfi_def_cfa_offset 16
 254              		.cfi_offset 3, -16
 255              		.cfi_offset 4, -12
 256              		.cfi_offset 5, -8
 257              		.cfi_offset 14, -4
ARM GAS  C:\Users\Oskari\AppData\Local\Temp\ccWu8Yl9.s 			page 7


 258 0002 0446     		mov	r4, r0
 259 0004 0D46     		mov	r5, r1
  86:ZumoLibrary/Motor.c ****     MotorDirLeft_Write(0);      // set LeftMotor forward mode
 260              		.loc 1 86 0
 261 0006 0020     		movs	r0, #0
 262              	.LVL28:
 263 0008 FFF7FEFF 		bl	MotorDirLeft_Write
 264              	.LVL29:
  87:ZumoLibrary/Motor.c ****     MotorDirRight_Write(1);     // set RightMotor backward mode
 265              		.loc 1 87 0
 266 000c 0120     		movs	r0, #1
 267 000e FFF7FEFF 		bl	MotorDirRight_Write
 268              	.LVL30:
  88:ZumoLibrary/Motor.c ****     PWM_WriteCompare1(speed); 
 269              		.loc 1 88 0
 270 0012 2046     		mov	r0, r4
 271 0014 FFF7FEFF 		bl	PWM_WriteCompare1
 272              	.LVL31:
  89:ZumoLibrary/Motor.c ****     PWM_WriteCompare2(speed); 
 273              		.loc 1 89 0
 274 0018 2046     		mov	r0, r4
 275 001a FFF7FEFF 		bl	PWM_WriteCompare2
 276              	.LVL32:
  90:ZumoLibrary/Motor.c ****     CyDelay(delay);
 277              		.loc 1 90 0
 278 001e 2846     		mov	r0, r5
 279 0020 FFF7FEFF 		bl	CyDelay
 280              	.LVL33:
 281 0024 38BD     		pop	{r3, r4, r5, pc}
 282              		.cfi_endproc
 283              	.LFE69:
 284              		.size	motor_turboturnRight, .-motor_turboturnRight
 285 0026 00BF     		.text
 286              	.Letext0:
 287              		.file 2 "c:\\program files (x86)\\cypress\\psoc creator\\4.0\\psoc creator\\import\\gnu\\arm\\4.9.
 288              		.file 3 "c:\\program files (x86)\\cypress\\psoc creator\\4.0\\psoc creator\\import\\gnu\\arm\\4.9.
 289              		.file 4 "Generated_Source\\PSoC5/cytypes.h"
 290              		.file 5 "Generated_Source\\PSoC5/PWM.h"
 291              		.file 6 "Generated_Source\\PSoC5/MotorDirLeft.h"
 292              		.file 7 "Generated_Source\\PSoC5/MotorDirRight.h"
 293              		.file 8 "Generated_Source\\PSoC5/core_cm3.h"
 294              		.file 9 "Generated_Source\\PSoC5/CyLib.h"
 295              		.section	.debug_info,"",%progbits
 296              	.Ldebug_info0:
 297 0000 18040000 		.4byte	0x418
 298 0004 0400     		.2byte	0x4
 299 0006 00000000 		.4byte	.Ldebug_abbrev0
 300 000a 04       		.byte	0x4
 301 000b 01       		.uleb128 0x1
 302 000c 2F010000 		.4byte	.LASF34
 303 0010 01       		.byte	0x1
 304 0011 14010000 		.4byte	.LASF35
 305 0015 98000000 		.4byte	.LASF36
 306 0019 00000000 		.4byte	.Ldebug_ranges0+0
 307 001d 00000000 		.4byte	0
 308 0021 00000000 		.4byte	.Ldebug_line0
 309 0025 02       		.uleb128 0x2
ARM GAS  C:\Users\Oskari\AppData\Local\Temp\ccWu8Yl9.s 			page 8


 310 0026 01       		.byte	0x1
 311 0027 06       		.byte	0x6
 312 0028 19020000 		.4byte	.LASF0
 313 002c 02       		.uleb128 0x2
 314 002d 01       		.byte	0x1
 315 002e 08       		.byte	0x8
 316 002f 78000000 		.4byte	.LASF1
 317 0033 02       		.uleb128 0x2
 318 0034 02       		.byte	0x2
 319 0035 05       		.byte	0x5
 320 0036 47020000 		.4byte	.LASF2
 321 003a 02       		.uleb128 0x2
 322 003b 02       		.byte	0x2
 323 003c 07       		.byte	0x7
 324 003d 78020000 		.4byte	.LASF3
 325 0041 03       		.uleb128 0x3
 326 0042 15000000 		.4byte	.LASF9
 327 0046 02       		.byte	0x2
 328 0047 3F       		.byte	0x3f
 329 0048 4C000000 		.4byte	0x4c
 330 004c 02       		.uleb128 0x2
 331 004d 04       		.byte	0x4
 332 004e 05       		.byte	0x5
 333 004f 64020000 		.4byte	.LASF4
 334 0053 02       		.uleb128 0x2
 335 0054 04       		.byte	0x4
 336 0055 07       		.byte	0x7
 337 0056 86000000 		.4byte	.LASF5
 338 005a 02       		.uleb128 0x2
 339 005b 08       		.byte	0x8
 340 005c 05       		.byte	0x5
 341 005d 34020000 		.4byte	.LASF6
 342 0061 02       		.uleb128 0x2
 343 0062 08       		.byte	0x8
 344 0063 07       		.byte	0x7
 345 0064 D2010000 		.4byte	.LASF7
 346 0068 04       		.uleb128 0x4
 347 0069 04       		.byte	0x4
 348 006a 05       		.byte	0x5
 349 006b 696E7400 		.ascii	"int\000"
 350 006f 02       		.uleb128 0x2
 351 0070 04       		.byte	0x4
 352 0071 07       		.byte	0x7
 353 0072 BD010000 		.4byte	.LASF8
 354 0076 03       		.uleb128 0x3
 355 0077 50000000 		.4byte	.LASF10
 356 007b 03       		.byte	0x3
 357 007c 2C       		.byte	0x2c
 358 007d 41000000 		.4byte	0x41
 359 0081 05       		.uleb128 0x5
 360 0082 4A000000 		.4byte	.LASF11
 361 0086 04       		.byte	0x4
 362 0087 9201     		.2byte	0x192
 363 0089 2C000000 		.4byte	0x2c
 364 008d 05       		.uleb128 0x5
 365 008e 28010000 		.4byte	.LASF12
 366 0092 04       		.byte	0x4
ARM GAS  C:\Users\Oskari\AppData\Local\Temp\ccWu8Yl9.s 			page 9


 367 0093 9401     		.2byte	0x194
 368 0095 53000000 		.4byte	0x53
 369 0099 02       		.uleb128 0x2
 370 009a 04       		.byte	0x4
 371 009b 04       		.byte	0x4
 372 009c 58000000 		.4byte	.LASF13
 373 00a0 02       		.uleb128 0x2
 374 00a1 08       		.byte	0x8
 375 00a2 04       		.byte	0x4
 376 00a3 02010000 		.4byte	.LASF14
 377 00a7 02       		.uleb128 0x2
 378 00a8 01       		.byte	0x1
 379 00a9 08       		.byte	0x8
 380 00aa 42020000 		.4byte	.LASF15
 381 00ae 02       		.uleb128 0x2
 382 00af 04       		.byte	0x4
 383 00b0 07       		.byte	0x7
 384 00b1 2B020000 		.4byte	.LASF16
 385 00b5 06       		.uleb128 0x6
 386 00b6 E9010000 		.4byte	.LASF17
 387 00ba 01       		.byte	0x1
 388 00bb 0D       		.byte	0xd
 389 00bc 00000000 		.4byte	.LFB63
 390 00c0 08000000 		.4byte	.LFE63-.LFB63
 391 00c4 01       		.uleb128 0x1
 392 00c5 9C       		.byte	0x9c
 393 00c6 D4000000 		.4byte	0xd4
 394 00ca 07       		.uleb128 0x7
 395 00cb 06000000 		.4byte	.LVL0
 396 00cf BC030000 		.4byte	0x3bc
 397 00d3 00       		.byte	0
 398 00d4 06       		.uleb128 0x6
 399 00d5 09010000 		.4byte	.LASF18
 400 00d9 01       		.byte	0x1
 401 00da 17       		.byte	0x17
 402 00db 00000000 		.4byte	.LFB64
 403 00df 08000000 		.4byte	.LFE64-.LFB64
 404 00e3 01       		.uleb128 0x1
 405 00e4 9C       		.byte	0x9c
 406 00e5 F3000000 		.4byte	0xf3
 407 00e9 07       		.uleb128 0x7
 408 00ea 06000000 		.4byte	.LVL1
 409 00ee C3030000 		.4byte	0x3c3
 410 00f2 00       		.byte	0
 411 00f3 08       		.uleb128 0x8
 412 00f4 F4000000 		.4byte	.LASF21
 413 00f8 01       		.byte	0x1
 414 00f9 23       		.byte	0x23
 415 00fa 00000000 		.4byte	.LFB65
 416 00fe 26000000 		.4byte	.LFE65-.LFB65
 417 0102 01       		.uleb128 0x1
 418 0103 9C       		.byte	0x9c
 419 0104 85010000 		.4byte	0x185
 420 0108 09       		.uleb128 0x9
 421 0109 25020000 		.4byte	.LASF19
 422 010d 01       		.byte	0x1
 423 010e 23       		.byte	0x23
ARM GAS  C:\Users\Oskari\AppData\Local\Temp\ccWu8Yl9.s 			page 10


 424 010f 81000000 		.4byte	0x81
 425 0113 00000000 		.4byte	.LLST0
 426 0117 09       		.uleb128 0x9
 427 0118 72000000 		.4byte	.LASF20
 428 011c 01       		.byte	0x1
 429 011d 23       		.byte	0x23
 430 011e 8D000000 		.4byte	0x8d
 431 0122 21000000 		.4byte	.LLST1
 432 0126 0A       		.uleb128 0xa
 433 0127 0C000000 		.4byte	.LVL4
 434 012b CA030000 		.4byte	0x3ca
 435 012f 39010000 		.4byte	0x139
 436 0133 0B       		.uleb128 0xb
 437 0134 01       		.uleb128 0x1
 438 0135 50       		.byte	0x50
 439 0136 01       		.uleb128 0x1
 440 0137 30       		.byte	0x30
 441 0138 00       		.byte	0
 442 0139 0A       		.uleb128 0xa
 443 013a 12000000 		.4byte	.LVL5
 444 013e DB030000 		.4byte	0x3db
 445 0142 4C010000 		.4byte	0x14c
 446 0146 0B       		.uleb128 0xb
 447 0147 01       		.uleb128 0x1
 448 0148 50       		.byte	0x50
 449 0149 01       		.uleb128 0x1
 450 014a 30       		.byte	0x30
 451 014b 00       		.byte	0
 452 014c 0A       		.uleb128 0xa
 453 014d 18000000 		.4byte	.LVL6
 454 0151 EC030000 		.4byte	0x3ec
 455 0155 60010000 		.4byte	0x160
 456 0159 0B       		.uleb128 0xb
 457 015a 01       		.uleb128 0x1
 458 015b 50       		.byte	0x50
 459 015c 02       		.uleb128 0x2
 460 015d 74       		.byte	0x74
 461 015e 00       		.sleb128 0
 462 015f 00       		.byte	0
 463 0160 0A       		.uleb128 0xa
 464 0161 1E000000 		.4byte	.LVL7
 465 0165 FD030000 		.4byte	0x3fd
 466 0169 74010000 		.4byte	0x174
 467 016d 0B       		.uleb128 0xb
 468 016e 01       		.uleb128 0x1
 469 016f 50       		.byte	0x50
 470 0170 02       		.uleb128 0x2
 471 0171 74       		.byte	0x74
 472 0172 00       		.sleb128 0
 473 0173 00       		.byte	0
 474 0174 0C       		.uleb128 0xc
 475 0175 24000000 		.4byte	.LVL8
 476 0179 0E040000 		.4byte	0x40e
 477 017d 0B       		.uleb128 0xb
 478 017e 01       		.uleb128 0x1
 479 017f 50       		.byte	0x50
 480 0180 02       		.uleb128 0x2
ARM GAS  C:\Users\Oskari\AppData\Local\Temp\ccWu8Yl9.s 			page 11


 481 0181 75       		.byte	0x75
 482 0182 00       		.sleb128 0
 483 0183 00       		.byte	0
 484 0184 00       		.byte	0
 485 0185 08       		.uleb128 0x8
 486 0186 6D020000 		.4byte	.LASF22
 487 018a 01       		.byte	0x1
 488 018b 34       		.byte	0x34
 489 018c 00000000 		.4byte	.LFB66
 490 0190 18000000 		.4byte	.LFE66-.LFB66
 491 0194 01       		.uleb128 0x1
 492 0195 9C       		.byte	0x9c
 493 0196 F5010000 		.4byte	0x1f5
 494 019a 09       		.uleb128 0x9
 495 019b CA010000 		.4byte	.LASF23
 496 019f 01       		.byte	0x1
 497 01a0 34       		.byte	0x34
 498 01a1 81000000 		.4byte	0x81
 499 01a5 3F000000 		.4byte	.LLST2
 500 01a9 09       		.uleb128 0x9
 501 01aa 2E000000 		.4byte	.LASF24
 502 01ae 01       		.byte	0x1
 503 01af 34       		.byte	0x34
 504 01b0 81000000 		.4byte	0x81
 505 01b4 60000000 		.4byte	.LLST3
 506 01b8 09       		.uleb128 0x9
 507 01b9 72000000 		.4byte	.LASF20
 508 01bd 01       		.byte	0x1
 509 01be 34       		.byte	0x34
 510 01bf 8D000000 		.4byte	0x8d
 511 01c3 81000000 		.4byte	.LLST4
 512 01c7 07       		.uleb128 0x7
 513 01c8 0A000000 		.4byte	.LVL10
 514 01cc EC030000 		.4byte	0x3ec
 515 01d0 0A       		.uleb128 0xa
 516 01d1 10000000 		.4byte	.LVL11
 517 01d5 FD030000 		.4byte	0x3fd
 518 01d9 E4010000 		.4byte	0x1e4
 519 01dd 0B       		.uleb128 0xb
 520 01de 01       		.uleb128 0x1
 521 01df 50       		.byte	0x50
 522 01e0 02       		.uleb128 0x2
 523 01e1 75       		.byte	0x75
 524 01e2 00       		.sleb128 0
 525 01e3 00       		.byte	0
 526 01e4 0C       		.uleb128 0xc
 527 01e5 16000000 		.4byte	.LVL12
 528 01e9 0E040000 		.4byte	0x40e
 529 01ed 0B       		.uleb128 0xb
 530 01ee 01       		.uleb128 0x1
 531 01ef 50       		.byte	0x50
 532 01f0 02       		.uleb128 0x2
 533 01f1 74       		.byte	0x74
 534 01f2 00       		.sleb128 0
 535 01f3 00       		.byte	0
 536 01f4 00       		.byte	0
 537 01f5 08       		.uleb128 0x8
ARM GAS  C:\Users\Oskari\AppData\Local\Temp\ccWu8Yl9.s 			page 12


 538 01f6 1F000000 		.4byte	.LASF25
 539 01fa 01       		.byte	0x1
 540 01fb 42       		.byte	0x42
 541 01fc 00000000 		.4byte	.LFB67
 542 0200 26000000 		.4byte	.LFE67-.LFB67
 543 0204 01       		.uleb128 0x1
 544 0205 9C       		.byte	0x9c
 545 0206 87020000 		.4byte	0x287
 546 020a 09       		.uleb128 0x9
 547 020b 25020000 		.4byte	.LASF19
 548 020f 01       		.byte	0x1
 549 0210 42       		.byte	0x42
 550 0211 81000000 		.4byte	0x81
 551 0215 9F000000 		.4byte	.LLST5
 552 0219 09       		.uleb128 0x9
 553 021a 72000000 		.4byte	.LASF20
 554 021e 01       		.byte	0x1
 555 021f 42       		.byte	0x42
 556 0220 8D000000 		.4byte	0x8d
 557 0224 C0000000 		.4byte	.LLST6
 558 0228 0A       		.uleb128 0xa
 559 0229 0C000000 		.4byte	.LVL15
 560 022d CA030000 		.4byte	0x3ca
 561 0231 3B020000 		.4byte	0x23b
 562 0235 0B       		.uleb128 0xb
 563 0236 01       		.uleb128 0x1
 564 0237 50       		.byte	0x50
 565 0238 01       		.uleb128 0x1
 566 0239 31       		.byte	0x31
 567 023a 00       		.byte	0
 568 023b 0A       		.uleb128 0xa
 569 023c 12000000 		.4byte	.LVL16
 570 0240 DB030000 		.4byte	0x3db
 571 0244 4E020000 		.4byte	0x24e
 572 0248 0B       		.uleb128 0xb
 573 0249 01       		.uleb128 0x1
 574 024a 50       		.byte	0x50
 575 024b 01       		.uleb128 0x1
 576 024c 31       		.byte	0x31
 577 024d 00       		.byte	0
 578 024e 0A       		.uleb128 0xa
 579 024f 18000000 		.4byte	.LVL17
 580 0253 EC030000 		.4byte	0x3ec
 581 0257 62020000 		.4byte	0x262
 582 025b 0B       		.uleb128 0xb
 583 025c 01       		.uleb128 0x1
 584 025d 50       		.byte	0x50
 585 025e 02       		.uleb128 0x2
 586 025f 74       		.byte	0x74
 587 0260 00       		.sleb128 0
 588 0261 00       		.byte	0
 589 0262 0A       		.uleb128 0xa
 590 0263 1E000000 		.4byte	.LVL18
 591 0267 FD030000 		.4byte	0x3fd
 592 026b 76020000 		.4byte	0x276
 593 026f 0B       		.uleb128 0xb
 594 0270 01       		.uleb128 0x1
ARM GAS  C:\Users\Oskari\AppData\Local\Temp\ccWu8Yl9.s 			page 13


 595 0271 50       		.byte	0x50
 596 0272 02       		.uleb128 0x2
 597 0273 74       		.byte	0x74
 598 0274 00       		.sleb128 0
 599 0275 00       		.byte	0
 600 0276 0C       		.uleb128 0xc
 601 0277 24000000 		.4byte	.LVL19
 602 027b 0E040000 		.4byte	0x40e
 603 027f 0B       		.uleb128 0xb
 604 0280 01       		.uleb128 0x1
 605 0281 50       		.byte	0x50
 606 0282 02       		.uleb128 0x2
 607 0283 75       		.byte	0x75
 608 0284 00       		.sleb128 0
 609 0285 00       		.byte	0
 610 0286 00       		.byte	0
 611 0287 08       		.uleb128 0x8
 612 0288 5E000000 		.4byte	.LASF26
 613 028c 01       		.byte	0x1
 614 028d 4B       		.byte	0x4b
 615 028e 00000000 		.4byte	.LFB68
 616 0292 26000000 		.4byte	.LFE68-.LFB68
 617 0296 01       		.uleb128 0x1
 618 0297 9C       		.byte	0x9c
 619 0298 19030000 		.4byte	0x319
 620 029c 09       		.uleb128 0x9
 621 029d 25020000 		.4byte	.LASF19
 622 02a1 01       		.byte	0x1
 623 02a2 4B       		.byte	0x4b
 624 02a3 81000000 		.4byte	0x81
 625 02a7 DE000000 		.4byte	.LLST7
 626 02ab 09       		.uleb128 0x9
 627 02ac 72000000 		.4byte	.LASF20
 628 02b0 01       		.byte	0x1
 629 02b1 4B       		.byte	0x4b
 630 02b2 8D000000 		.4byte	0x8d
 631 02b6 FF000000 		.4byte	.LLST8
 632 02ba 0A       		.uleb128 0xa
 633 02bb 0C000000 		.4byte	.LVL22
 634 02bf CA030000 		.4byte	0x3ca
 635 02c3 CD020000 		.4byte	0x2cd
 636 02c7 0B       		.uleb128 0xb
 637 02c8 01       		.uleb128 0x1
 638 02c9 50       		.byte	0x50
 639 02ca 01       		.uleb128 0x1
 640 02cb 31       		.byte	0x31
 641 02cc 00       		.byte	0
 642 02cd 0A       		.uleb128 0xa
 643 02ce 12000000 		.4byte	.LVL23
 644 02d2 DB030000 		.4byte	0x3db
 645 02d6 E0020000 		.4byte	0x2e0
 646 02da 0B       		.uleb128 0xb
 647 02db 01       		.uleb128 0x1
 648 02dc 50       		.byte	0x50
 649 02dd 01       		.uleb128 0x1
 650 02de 30       		.byte	0x30
 651 02df 00       		.byte	0
ARM GAS  C:\Users\Oskari\AppData\Local\Temp\ccWu8Yl9.s 			page 14


 652 02e0 0A       		.uleb128 0xa
 653 02e1 18000000 		.4byte	.LVL24
 654 02e5 EC030000 		.4byte	0x3ec
 655 02e9 F4020000 		.4byte	0x2f4
 656 02ed 0B       		.uleb128 0xb
 657 02ee 01       		.uleb128 0x1
 658 02ef 50       		.byte	0x50
 659 02f0 02       		.uleb128 0x2
 660 02f1 74       		.byte	0x74
 661 02f2 00       		.sleb128 0
 662 02f3 00       		.byte	0
 663 02f4 0A       		.uleb128 0xa
 664 02f5 1E000000 		.4byte	.LVL25
 665 02f9 FD030000 		.4byte	0x3fd
 666 02fd 08030000 		.4byte	0x308
 667 0301 0B       		.uleb128 0xb
 668 0302 01       		.uleb128 0x1
 669 0303 50       		.byte	0x50
 670 0304 02       		.uleb128 0x2
 671 0305 74       		.byte	0x74
 672 0306 00       		.sleb128 0
 673 0307 00       		.byte	0
 674 0308 0C       		.uleb128 0xc
 675 0309 24000000 		.4byte	.LVL26
 676 030d 0E040000 		.4byte	0x40e
 677 0311 0B       		.uleb128 0xb
 678 0312 01       		.uleb128 0x1
 679 0313 50       		.byte	0x50
 680 0314 02       		.uleb128 0x2
 681 0315 75       		.byte	0x75
 682 0316 00       		.sleb128 0
 683 0317 00       		.byte	0
 684 0318 00       		.byte	0
 685 0319 08       		.uleb128 0x8
 686 031a 00000000 		.4byte	.LASF27
 687 031e 01       		.byte	0x1
 688 031f 54       		.byte	0x54
 689 0320 00000000 		.4byte	.LFB69
 690 0324 26000000 		.4byte	.LFE69-.LFB69
 691 0328 01       		.uleb128 0x1
 692 0329 9C       		.byte	0x9c
 693 032a AB030000 		.4byte	0x3ab
 694 032e 09       		.uleb128 0x9
 695 032f 25020000 		.4byte	.LASF19
 696 0333 01       		.byte	0x1
 697 0334 54       		.byte	0x54
 698 0335 81000000 		.4byte	0x81
 699 0339 1D010000 		.4byte	.LLST9
 700 033d 09       		.uleb128 0x9
 701 033e 72000000 		.4byte	.LASF20
 702 0342 01       		.byte	0x1
 703 0343 54       		.byte	0x54
 704 0344 8D000000 		.4byte	0x8d
 705 0348 3E010000 		.4byte	.LLST10
 706 034c 0A       		.uleb128 0xa
 707 034d 0C000000 		.4byte	.LVL29
 708 0351 CA030000 		.4byte	0x3ca
ARM GAS  C:\Users\Oskari\AppData\Local\Temp\ccWu8Yl9.s 			page 15


 709 0355 5F030000 		.4byte	0x35f
 710 0359 0B       		.uleb128 0xb
 711 035a 01       		.uleb128 0x1
 712 035b 50       		.byte	0x50
 713 035c 01       		.uleb128 0x1
 714 035d 30       		.byte	0x30
 715 035e 00       		.byte	0
 716 035f 0A       		.uleb128 0xa
 717 0360 12000000 		.4byte	.LVL30
 718 0364 DB030000 		.4byte	0x3db
 719 0368 72030000 		.4byte	0x372
 720 036c 0B       		.uleb128 0xb
 721 036d 01       		.uleb128 0x1
 722 036e 50       		.byte	0x50
 723 036f 01       		.uleb128 0x1
 724 0370 31       		.byte	0x31
 725 0371 00       		.byte	0
 726 0372 0A       		.uleb128 0xa
 727 0373 18000000 		.4byte	.LVL31
 728 0377 EC030000 		.4byte	0x3ec
 729 037b 86030000 		.4byte	0x386
 730 037f 0B       		.uleb128 0xb
 731 0380 01       		.uleb128 0x1
 732 0381 50       		.byte	0x50
 733 0382 02       		.uleb128 0x2
 734 0383 74       		.byte	0x74
 735 0384 00       		.sleb128 0
 736 0385 00       		.byte	0
 737 0386 0A       		.uleb128 0xa
 738 0387 1E000000 		.4byte	.LVL32
 739 038b FD030000 		.4byte	0x3fd
 740 038f 9A030000 		.4byte	0x39a
 741 0393 0B       		.uleb128 0xb
 742 0394 01       		.uleb128 0x1
 743 0395 50       		.byte	0x50
 744 0396 02       		.uleb128 0x2
 745 0397 74       		.byte	0x74
 746 0398 00       		.sleb128 0
 747 0399 00       		.byte	0
 748 039a 0C       		.uleb128 0xc
 749 039b 24000000 		.4byte	.LVL33
 750 039f 0E040000 		.4byte	0x40e
 751 03a3 0B       		.uleb128 0xb
 752 03a4 01       		.uleb128 0x1
 753 03a5 50       		.byte	0x50
 754 03a6 02       		.uleb128 0x2
 755 03a7 75       		.byte	0x75
 756 03a8 00       		.sleb128 0
 757 03a9 00       		.byte	0
 758 03aa 00       		.byte	0
 759 03ab 0D       		.uleb128 0xd
 760 03ac E7000000 		.4byte	.LASF37
 761 03b0 08       		.byte	0x8
 762 03b1 9606     		.2byte	0x696
 763 03b3 B7030000 		.4byte	0x3b7
 764 03b7 0E       		.uleb128 0xe
 765 03b8 76000000 		.4byte	0x76
ARM GAS  C:\Users\Oskari\AppData\Local\Temp\ccWu8Yl9.s 			page 16


 766 03bc 0F       		.uleb128 0xf
 767 03bd 51020000 		.4byte	.LASF28
 768 03c1 05       		.byte	0x5
 769 03c2 92       		.byte	0x92
 770 03c3 0F       		.uleb128 0xf
 771 03c4 5B020000 		.4byte	.LASF29
 772 03c8 05       		.byte	0x5
 773 03c9 93       		.byte	0x93
 774 03ca 10       		.uleb128 0x10
 775 03cb D4000000 		.4byte	.LASF30
 776 03cf 06       		.byte	0x6
 777 03d0 26       		.byte	0x26
 778 03d1 DB030000 		.4byte	0x3db
 779 03d5 11       		.uleb128 0x11
 780 03d6 81000000 		.4byte	0x81
 781 03da 00       		.byte	0
 782 03db 10       		.uleb128 0x10
 783 03dc 36000000 		.4byte	.LASF31
 784 03e0 07       		.byte	0x7
 785 03e1 26       		.byte	0x26
 786 03e2 EC030000 		.4byte	0x3ec
 787 03e6 11       		.uleb128 0x11
 788 03e7 81000000 		.4byte	0x81
 789 03eb 00       		.byte	0
 790 03ec 10       		.uleb128 0x10
 791 03ed F5010000 		.4byte	.LASF32
 792 03f1 05       		.byte	0x5
 793 03f2 C7       		.byte	0xc7
 794 03f3 FD030000 		.4byte	0x3fd
 795 03f7 11       		.uleb128 0x11
 796 03f8 81000000 		.4byte	0x81
 797 03fc 00       		.byte	0
 798 03fd 10       		.uleb128 0x10
 799 03fe 07020000 		.4byte	.LASF33
 800 0402 05       		.byte	0x5
 801 0403 CA       		.byte	0xca
 802 0404 0E040000 		.4byte	0x40e
 803 0408 11       		.uleb128 0x11
 804 0409 81000000 		.4byte	0x81
 805 040d 00       		.byte	0
 806 040e 12       		.uleb128 0x12
 807 040f 8B020000 		.4byte	.LASF38
 808 0413 09       		.byte	0x9
 809 0414 76       		.byte	0x76
 810 0415 11       		.uleb128 0x11
 811 0416 8D000000 		.4byte	0x8d
 812 041a 00       		.byte	0
 813 041b 00       		.byte	0
 814              		.section	.debug_abbrev,"",%progbits
 815              	.Ldebug_abbrev0:
 816 0000 01       		.uleb128 0x1
 817 0001 11       		.uleb128 0x11
 818 0002 01       		.byte	0x1
 819 0003 25       		.uleb128 0x25
 820 0004 0E       		.uleb128 0xe
 821 0005 13       		.uleb128 0x13
 822 0006 0B       		.uleb128 0xb
ARM GAS  C:\Users\Oskari\AppData\Local\Temp\ccWu8Yl9.s 			page 17


 823 0007 03       		.uleb128 0x3
 824 0008 0E       		.uleb128 0xe
 825 0009 1B       		.uleb128 0x1b
 826 000a 0E       		.uleb128 0xe
 827 000b 55       		.uleb128 0x55
 828 000c 17       		.uleb128 0x17
 829 000d 11       		.uleb128 0x11
 830 000e 01       		.uleb128 0x1
 831 000f 10       		.uleb128 0x10
 832 0010 17       		.uleb128 0x17
 833 0011 00       		.byte	0
 834 0012 00       		.byte	0
 835 0013 02       		.uleb128 0x2
 836 0014 24       		.uleb128 0x24
 837 0015 00       		.byte	0
 838 0016 0B       		.uleb128 0xb
 839 0017 0B       		.uleb128 0xb
 840 0018 3E       		.uleb128 0x3e
 841 0019 0B       		.uleb128 0xb
 842 001a 03       		.uleb128 0x3
 843 001b 0E       		.uleb128 0xe
 844 001c 00       		.byte	0
 845 001d 00       		.byte	0
 846 001e 03       		.uleb128 0x3
 847 001f 16       		.uleb128 0x16
 848 0020 00       		.byte	0
 849 0021 03       		.uleb128 0x3
 850 0022 0E       		.uleb128 0xe
 851 0023 3A       		.uleb128 0x3a
 852 0024 0B       		.uleb128 0xb
 853 0025 3B       		.uleb128 0x3b
 854 0026 0B       		.uleb128 0xb
 855 0027 49       		.uleb128 0x49
 856 0028 13       		.uleb128 0x13
 857 0029 00       		.byte	0
 858 002a 00       		.byte	0
 859 002b 04       		.uleb128 0x4
 860 002c 24       		.uleb128 0x24
 861 002d 00       		.byte	0
 862 002e 0B       		.uleb128 0xb
 863 002f 0B       		.uleb128 0xb
 864 0030 3E       		.uleb128 0x3e
 865 0031 0B       		.uleb128 0xb
 866 0032 03       		.uleb128 0x3
 867 0033 08       		.uleb128 0x8
 868 0034 00       		.byte	0
 869 0035 00       		.byte	0
 870 0036 05       		.uleb128 0x5
 871 0037 16       		.uleb128 0x16
 872 0038 00       		.byte	0
 873 0039 03       		.uleb128 0x3
 874 003a 0E       		.uleb128 0xe
 875 003b 3A       		.uleb128 0x3a
 876 003c 0B       		.uleb128 0xb
 877 003d 3B       		.uleb128 0x3b
 878 003e 05       		.uleb128 0x5
 879 003f 49       		.uleb128 0x49
ARM GAS  C:\Users\Oskari\AppData\Local\Temp\ccWu8Yl9.s 			page 18


 880 0040 13       		.uleb128 0x13
 881 0041 00       		.byte	0
 882 0042 00       		.byte	0
 883 0043 06       		.uleb128 0x6
 884 0044 2E       		.uleb128 0x2e
 885 0045 01       		.byte	0x1
 886 0046 3F       		.uleb128 0x3f
 887 0047 19       		.uleb128 0x19
 888 0048 03       		.uleb128 0x3
 889 0049 0E       		.uleb128 0xe
 890 004a 3A       		.uleb128 0x3a
 891 004b 0B       		.uleb128 0xb
 892 004c 3B       		.uleb128 0x3b
 893 004d 0B       		.uleb128 0xb
 894 004e 11       		.uleb128 0x11
 895 004f 01       		.uleb128 0x1
 896 0050 12       		.uleb128 0x12
 897 0051 06       		.uleb128 0x6
 898 0052 40       		.uleb128 0x40
 899 0053 18       		.uleb128 0x18
 900 0054 9742     		.uleb128 0x2117
 901 0056 19       		.uleb128 0x19
 902 0057 01       		.uleb128 0x1
 903 0058 13       		.uleb128 0x13
 904 0059 00       		.byte	0
 905 005a 00       		.byte	0
 906 005b 07       		.uleb128 0x7
 907 005c 898201   		.uleb128 0x4109
 908 005f 00       		.byte	0
 909 0060 11       		.uleb128 0x11
 910 0061 01       		.uleb128 0x1
 911 0062 31       		.uleb128 0x31
 912 0063 13       		.uleb128 0x13
 913 0064 00       		.byte	0
 914 0065 00       		.byte	0
 915 0066 08       		.uleb128 0x8
 916 0067 2E       		.uleb128 0x2e
 917 0068 01       		.byte	0x1
 918 0069 3F       		.uleb128 0x3f
 919 006a 19       		.uleb128 0x19
 920 006b 03       		.uleb128 0x3
 921 006c 0E       		.uleb128 0xe
 922 006d 3A       		.uleb128 0x3a
 923 006e 0B       		.uleb128 0xb
 924 006f 3B       		.uleb128 0x3b
 925 0070 0B       		.uleb128 0xb
 926 0071 27       		.uleb128 0x27
 927 0072 19       		.uleb128 0x19
 928 0073 11       		.uleb128 0x11
 929 0074 01       		.uleb128 0x1
 930 0075 12       		.uleb128 0x12
 931 0076 06       		.uleb128 0x6
 932 0077 40       		.uleb128 0x40
 933 0078 18       		.uleb128 0x18
 934 0079 9742     		.uleb128 0x2117
 935 007b 19       		.uleb128 0x19
 936 007c 01       		.uleb128 0x1
ARM GAS  C:\Users\Oskari\AppData\Local\Temp\ccWu8Yl9.s 			page 19


 937 007d 13       		.uleb128 0x13
 938 007e 00       		.byte	0
 939 007f 00       		.byte	0
 940 0080 09       		.uleb128 0x9
 941 0081 05       		.uleb128 0x5
 942 0082 00       		.byte	0
 943 0083 03       		.uleb128 0x3
 944 0084 0E       		.uleb128 0xe
 945 0085 3A       		.uleb128 0x3a
 946 0086 0B       		.uleb128 0xb
 947 0087 3B       		.uleb128 0x3b
 948 0088 0B       		.uleb128 0xb
 949 0089 49       		.uleb128 0x49
 950 008a 13       		.uleb128 0x13
 951 008b 02       		.uleb128 0x2
 952 008c 17       		.uleb128 0x17
 953 008d 00       		.byte	0
 954 008e 00       		.byte	0
 955 008f 0A       		.uleb128 0xa
 956 0090 898201   		.uleb128 0x4109
 957 0093 01       		.byte	0x1
 958 0094 11       		.uleb128 0x11
 959 0095 01       		.uleb128 0x1
 960 0096 31       		.uleb128 0x31
 961 0097 13       		.uleb128 0x13
 962 0098 01       		.uleb128 0x1
 963 0099 13       		.uleb128 0x13
 964 009a 00       		.byte	0
 965 009b 00       		.byte	0
 966 009c 0B       		.uleb128 0xb
 967 009d 8A8201   		.uleb128 0x410a
 968 00a0 00       		.byte	0
 969 00a1 02       		.uleb128 0x2
 970 00a2 18       		.uleb128 0x18
 971 00a3 9142     		.uleb128 0x2111
 972 00a5 18       		.uleb128 0x18
 973 00a6 00       		.byte	0
 974 00a7 00       		.byte	0
 975 00a8 0C       		.uleb128 0xc
 976 00a9 898201   		.uleb128 0x4109
 977 00ac 01       		.byte	0x1
 978 00ad 11       		.uleb128 0x11
 979 00ae 01       		.uleb128 0x1
 980 00af 31       		.uleb128 0x31
 981 00b0 13       		.uleb128 0x13
 982 00b1 00       		.byte	0
 983 00b2 00       		.byte	0
 984 00b3 0D       		.uleb128 0xd
 985 00b4 34       		.uleb128 0x34
 986 00b5 00       		.byte	0
 987 00b6 03       		.uleb128 0x3
 988 00b7 0E       		.uleb128 0xe
 989 00b8 3A       		.uleb128 0x3a
 990 00b9 0B       		.uleb128 0xb
 991 00ba 3B       		.uleb128 0x3b
 992 00bb 05       		.uleb128 0x5
 993 00bc 49       		.uleb128 0x49
ARM GAS  C:\Users\Oskari\AppData\Local\Temp\ccWu8Yl9.s 			page 20


 994 00bd 13       		.uleb128 0x13
 995 00be 3F       		.uleb128 0x3f
 996 00bf 19       		.uleb128 0x19
 997 00c0 3C       		.uleb128 0x3c
 998 00c1 19       		.uleb128 0x19
 999 00c2 00       		.byte	0
 1000 00c3 00       		.byte	0
 1001 00c4 0E       		.uleb128 0xe
 1002 00c5 35       		.uleb128 0x35
 1003 00c6 00       		.byte	0
 1004 00c7 49       		.uleb128 0x49
 1005 00c8 13       		.uleb128 0x13
 1006 00c9 00       		.byte	0
 1007 00ca 00       		.byte	0
 1008 00cb 0F       		.uleb128 0xf
 1009 00cc 2E       		.uleb128 0x2e
 1010 00cd 00       		.byte	0
 1011 00ce 3F       		.uleb128 0x3f
 1012 00cf 19       		.uleb128 0x19
 1013 00d0 03       		.uleb128 0x3
 1014 00d1 0E       		.uleb128 0xe
 1015 00d2 3A       		.uleb128 0x3a
 1016 00d3 0B       		.uleb128 0xb
 1017 00d4 3B       		.uleb128 0x3b
 1018 00d5 0B       		.uleb128 0xb
 1019 00d6 27       		.uleb128 0x27
 1020 00d7 19       		.uleb128 0x19
 1021 00d8 3C       		.uleb128 0x3c
 1022 00d9 19       		.uleb128 0x19
 1023 00da 00       		.byte	0
 1024 00db 00       		.byte	0
 1025 00dc 10       		.uleb128 0x10
 1026 00dd 2E       		.uleb128 0x2e
 1027 00de 01       		.byte	0x1
 1028 00df 3F       		.uleb128 0x3f
 1029 00e0 19       		.uleb128 0x19
 1030 00e1 03       		.uleb128 0x3
 1031 00e2 0E       		.uleb128 0xe
 1032 00e3 3A       		.uleb128 0x3a
 1033 00e4 0B       		.uleb128 0xb
 1034 00e5 3B       		.uleb128 0x3b
 1035 00e6 0B       		.uleb128 0xb
 1036 00e7 27       		.uleb128 0x27
 1037 00e8 19       		.uleb128 0x19
 1038 00e9 3C       		.uleb128 0x3c
 1039 00ea 19       		.uleb128 0x19
 1040 00eb 01       		.uleb128 0x1
 1041 00ec 13       		.uleb128 0x13
 1042 00ed 00       		.byte	0
 1043 00ee 00       		.byte	0
 1044 00ef 11       		.uleb128 0x11
 1045 00f0 05       		.uleb128 0x5
 1046 00f1 00       		.byte	0
 1047 00f2 49       		.uleb128 0x49
 1048 00f3 13       		.uleb128 0x13
 1049 00f4 00       		.byte	0
 1050 00f5 00       		.byte	0
ARM GAS  C:\Users\Oskari\AppData\Local\Temp\ccWu8Yl9.s 			page 21


 1051 00f6 12       		.uleb128 0x12
 1052 00f7 2E       		.uleb128 0x2e
 1053 00f8 01       		.byte	0x1
 1054 00f9 3F       		.uleb128 0x3f
 1055 00fa 19       		.uleb128 0x19
 1056 00fb 03       		.uleb128 0x3
 1057 00fc 0E       		.uleb128 0xe
 1058 00fd 3A       		.uleb128 0x3a
 1059 00fe 0B       		.uleb128 0xb
 1060 00ff 3B       		.uleb128 0x3b
 1061 0100 0B       		.uleb128 0xb
 1062 0101 27       		.uleb128 0x27
 1063 0102 19       		.uleb128 0x19
 1064 0103 3C       		.uleb128 0x3c
 1065 0104 19       		.uleb128 0x19
 1066 0105 00       		.byte	0
 1067 0106 00       		.byte	0
 1068 0107 00       		.byte	0
 1069              		.section	.debug_loc,"",%progbits
 1070              	.Ldebug_loc0:
 1071              	.LLST0:
 1072 0000 00000000 		.4byte	.LVL2
 1073 0004 08000000 		.4byte	.LVL3
 1074 0008 0100     		.2byte	0x1
 1075 000a 50       		.byte	0x50
 1076 000b 08000000 		.4byte	.LVL3
 1077 000f 26000000 		.4byte	.LFE65
 1078 0013 0400     		.2byte	0x4
 1079 0015 F3       		.byte	0xf3
 1080 0016 01       		.uleb128 0x1
 1081 0017 50       		.byte	0x50
 1082 0018 9F       		.byte	0x9f
 1083 0019 00000000 		.4byte	0
 1084 001d 00000000 		.4byte	0
 1085              	.LLST1:
 1086 0021 00000000 		.4byte	.LVL2
 1087 0025 0B000000 		.4byte	.LVL4-1
 1088 0029 0100     		.2byte	0x1
 1089 002b 51       		.byte	0x51
 1090 002c 0B000000 		.4byte	.LVL4-1
 1091 0030 26000000 		.4byte	.LFE65
 1092 0034 0100     		.2byte	0x1
 1093 0036 55       		.byte	0x55
 1094 0037 00000000 		.4byte	0
 1095 003b 00000000 		.4byte	0
 1096              	.LLST2:
 1097 003f 00000000 		.4byte	.LVL9
 1098 0043 09000000 		.4byte	.LVL10-1
 1099 0047 0100     		.2byte	0x1
 1100 0049 50       		.byte	0x50
 1101 004a 09000000 		.4byte	.LVL10-1
 1102 004e 18000000 		.4byte	.LFE66
 1103 0052 0400     		.2byte	0x4
 1104 0054 F3       		.byte	0xf3
 1105 0055 01       		.uleb128 0x1
 1106 0056 50       		.byte	0x50
 1107 0057 9F       		.byte	0x9f
ARM GAS  C:\Users\Oskari\AppData\Local\Temp\ccWu8Yl9.s 			page 22


 1108 0058 00000000 		.4byte	0
 1109 005c 00000000 		.4byte	0
 1110              	.LLST3:
 1111 0060 00000000 		.4byte	.LVL9
 1112 0064 09000000 		.4byte	.LVL10-1
 1113 0068 0100     		.2byte	0x1
 1114 006a 51       		.byte	0x51
 1115 006b 09000000 		.4byte	.LVL10-1
 1116 006f 18000000 		.4byte	.LFE66
 1117 0073 0400     		.2byte	0x4
 1118 0075 F3       		.byte	0xf3
 1119 0076 01       		.uleb128 0x1
 1120 0077 51       		.byte	0x51
 1121 0078 9F       		.byte	0x9f
 1122 0079 00000000 		.4byte	0
 1123 007d 00000000 		.4byte	0
 1124              	.LLST4:
 1125 0081 00000000 		.4byte	.LVL9
 1126 0085 09000000 		.4byte	.LVL10-1
 1127 0089 0100     		.2byte	0x1
 1128 008b 52       		.byte	0x52
 1129 008c 09000000 		.4byte	.LVL10-1
 1130 0090 18000000 		.4byte	.LFE66
 1131 0094 0100     		.2byte	0x1
 1132 0096 54       		.byte	0x54
 1133 0097 00000000 		.4byte	0
 1134 009b 00000000 		.4byte	0
 1135              	.LLST5:
 1136 009f 00000000 		.4byte	.LVL13
 1137 00a3 08000000 		.4byte	.LVL14
 1138 00a7 0100     		.2byte	0x1
 1139 00a9 50       		.byte	0x50
 1140 00aa 08000000 		.4byte	.LVL14
 1141 00ae 26000000 		.4byte	.LFE67
 1142 00b2 0400     		.2byte	0x4
 1143 00b4 F3       		.byte	0xf3
 1144 00b5 01       		.uleb128 0x1
 1145 00b6 50       		.byte	0x50
 1146 00b7 9F       		.byte	0x9f
 1147 00b8 00000000 		.4byte	0
 1148 00bc 00000000 		.4byte	0
 1149              	.LLST6:
 1150 00c0 00000000 		.4byte	.LVL13
 1151 00c4 0B000000 		.4byte	.LVL15-1
 1152 00c8 0100     		.2byte	0x1
 1153 00ca 51       		.byte	0x51
 1154 00cb 0B000000 		.4byte	.LVL15-1
 1155 00cf 26000000 		.4byte	.LFE67
 1156 00d3 0100     		.2byte	0x1
 1157 00d5 55       		.byte	0x55
 1158 00d6 00000000 		.4byte	0
 1159 00da 00000000 		.4byte	0
 1160              	.LLST7:
 1161 00de 00000000 		.4byte	.LVL20
 1162 00e2 08000000 		.4byte	.LVL21
 1163 00e6 0100     		.2byte	0x1
 1164 00e8 50       		.byte	0x50
ARM GAS  C:\Users\Oskari\AppData\Local\Temp\ccWu8Yl9.s 			page 23


 1165 00e9 08000000 		.4byte	.LVL21
 1166 00ed 26000000 		.4byte	.LFE68
 1167 00f1 0400     		.2byte	0x4
 1168 00f3 F3       		.byte	0xf3
 1169 00f4 01       		.uleb128 0x1
 1170 00f5 50       		.byte	0x50
 1171 00f6 9F       		.byte	0x9f
 1172 00f7 00000000 		.4byte	0
 1173 00fb 00000000 		.4byte	0
 1174              	.LLST8:
 1175 00ff 00000000 		.4byte	.LVL20
 1176 0103 0B000000 		.4byte	.LVL22-1
 1177 0107 0100     		.2byte	0x1
 1178 0109 51       		.byte	0x51
 1179 010a 0B000000 		.4byte	.LVL22-1
 1180 010e 26000000 		.4byte	.LFE68
 1181 0112 0100     		.2byte	0x1
 1182 0114 55       		.byte	0x55
 1183 0115 00000000 		.4byte	0
 1184 0119 00000000 		.4byte	0
 1185              	.LLST9:
 1186 011d 00000000 		.4byte	.LVL27
 1187 0121 08000000 		.4byte	.LVL28
 1188 0125 0100     		.2byte	0x1
 1189 0127 50       		.byte	0x50
 1190 0128 08000000 		.4byte	.LVL28
 1191 012c 26000000 		.4byte	.LFE69
 1192 0130 0400     		.2byte	0x4
 1193 0132 F3       		.byte	0xf3
 1194 0133 01       		.uleb128 0x1
 1195 0134 50       		.byte	0x50
 1196 0135 9F       		.byte	0x9f
 1197 0136 00000000 		.4byte	0
 1198 013a 00000000 		.4byte	0
 1199              	.LLST10:
 1200 013e 00000000 		.4byte	.LVL27
 1201 0142 0B000000 		.4byte	.LVL29-1
 1202 0146 0100     		.2byte	0x1
 1203 0148 51       		.byte	0x51
 1204 0149 0B000000 		.4byte	.LVL29-1
 1205 014d 26000000 		.4byte	.LFE69
 1206 0151 0100     		.2byte	0x1
 1207 0153 55       		.byte	0x55
 1208 0154 00000000 		.4byte	0
 1209 0158 00000000 		.4byte	0
 1210              		.section	.debug_aranges,"",%progbits
 1211 0000 4C000000 		.4byte	0x4c
 1212 0004 0200     		.2byte	0x2
 1213 0006 00000000 		.4byte	.Ldebug_info0
 1214 000a 04       		.byte	0x4
 1215 000b 00       		.byte	0
 1216 000c 0000     		.2byte	0
 1217 000e 0000     		.2byte	0
 1218 0010 00000000 		.4byte	.LFB63
 1219 0014 08000000 		.4byte	.LFE63-.LFB63
 1220 0018 00000000 		.4byte	.LFB64
 1221 001c 08000000 		.4byte	.LFE64-.LFB64
ARM GAS  C:\Users\Oskari\AppData\Local\Temp\ccWu8Yl9.s 			page 24


 1222 0020 00000000 		.4byte	.LFB65
 1223 0024 26000000 		.4byte	.LFE65-.LFB65
 1224 0028 00000000 		.4byte	.LFB66
 1225 002c 18000000 		.4byte	.LFE66-.LFB66
 1226 0030 00000000 		.4byte	.LFB67
 1227 0034 26000000 		.4byte	.LFE67-.LFB67
 1228 0038 00000000 		.4byte	.LFB68
 1229 003c 26000000 		.4byte	.LFE68-.LFB68
 1230 0040 00000000 		.4byte	.LFB69
 1231 0044 26000000 		.4byte	.LFE69-.LFB69
 1232 0048 00000000 		.4byte	0
 1233 004c 00000000 		.4byte	0
 1234              		.section	.debug_ranges,"",%progbits
 1235              	.Ldebug_ranges0:
 1236 0000 00000000 		.4byte	.LFB63
 1237 0004 08000000 		.4byte	.LFE63
 1238 0008 00000000 		.4byte	.LFB64
 1239 000c 08000000 		.4byte	.LFE64
 1240 0010 00000000 		.4byte	.LFB65
 1241 0014 26000000 		.4byte	.LFE65
 1242 0018 00000000 		.4byte	.LFB66
 1243 001c 18000000 		.4byte	.LFE66
 1244 0020 00000000 		.4byte	.LFB67
 1245 0024 26000000 		.4byte	.LFE67
 1246 0028 00000000 		.4byte	.LFB68
 1247 002c 26000000 		.4byte	.LFE68
 1248 0030 00000000 		.4byte	.LFB69
 1249 0034 26000000 		.4byte	.LFE69
 1250 0038 00000000 		.4byte	0
 1251 003c 00000000 		.4byte	0
 1252              		.section	.debug_line,"",%progbits
 1253              	.Ldebug_line0:
 1254 0000 18020000 		.section	.debug_str,"MS",%progbits,1
 1254      02008D01 
 1254      00000201 
 1254      FB0E0D00 
 1254      01010101 
 1255              	.LASF27:
 1256 0000 6D6F746F 		.ascii	"motor_turboturnRight\000"
 1256      725F7475 
 1256      72626F74 
 1256      75726E52 
 1256      69676874 
 1257              	.LASF9:
 1258 0015 5F5F696E 		.ascii	"__int32_t\000"
 1258      7433325F 
 1258      7400
 1259              	.LASF25:
 1260 001f 6D6F746F 		.ascii	"motor_backward\000"
 1260      725F6261 
 1260      636B7761 
 1260      726400
 1261              	.LASF24:
 1262 002e 725F7370 		.ascii	"r_speed\000"
 1262      65656400 
 1263              	.LASF31:
 1264 0036 4D6F746F 		.ascii	"MotorDirRight_Write\000"
ARM GAS  C:\Users\Oskari\AppData\Local\Temp\ccWu8Yl9.s 			page 25


 1264      72446972 
 1264      52696768 
 1264      745F5772 
 1264      69746500 
 1265              	.LASF11:
 1266 004a 75696E74 		.ascii	"uint8\000"
 1266      3800
 1267              	.LASF10:
 1268 0050 696E7433 		.ascii	"int32_t\000"
 1268      325F7400 
 1269              	.LASF13:
 1270 0058 666C6F61 		.ascii	"float\000"
 1270      7400
 1271              	.LASF26:
 1272 005e 6D6F746F 		.ascii	"motor_turboturnLeft\000"
 1272      725F7475 
 1272      72626F74 
 1272      75726E4C 
 1272      65667400 
 1273              	.LASF20:
 1274 0072 64656C61 		.ascii	"delay\000"
 1274      7900
 1275              	.LASF1:
 1276 0078 756E7369 		.ascii	"unsigned char\000"
 1276      676E6564 
 1276      20636861 
 1276      7200
 1277              	.LASF5:
 1278 0086 6C6F6E67 		.ascii	"long unsigned int\000"
 1278      20756E73 
 1278      69676E65 
 1278      6420696E 
 1278      7400
 1279              	.LASF36:
 1280 0098 433A5C55 		.ascii	"C:\\Users\\Oskari\\Documents\\PSoC Creator\\Zumo01\\"
 1280      73657273 
 1280      5C4F736B 
 1280      6172695C 
 1280      446F6375 
 1281 00c6 5A756D6F 		.ascii	"ZumoBot.cydsn\000"
 1281      426F742E 
 1281      63796473 
 1281      6E00
 1282              	.LASF30:
 1283 00d4 4D6F746F 		.ascii	"MotorDirLeft_Write\000"
 1283      72446972 
 1283      4C656674 
 1283      5F577269 
 1283      746500
 1284              	.LASF37:
 1285 00e7 49544D5F 		.ascii	"ITM_RxBuffer\000"
 1285      52784275 
 1285      66666572 
 1285      00
 1286              	.LASF21:
 1287 00f4 6D6F746F 		.ascii	"motor_forward\000"
 1287      725F666F 
ARM GAS  C:\Users\Oskari\AppData\Local\Temp\ccWu8Yl9.s 			page 26


 1287      72776172 
 1287      6400
 1288              	.LASF14:
 1289 0102 646F7562 		.ascii	"double\000"
 1289      6C6500
 1290              	.LASF18:
 1291 0109 6D6F746F 		.ascii	"motor_stop\000"
 1291      725F7374 
 1291      6F7000
 1292              	.LASF35:
 1293 0114 5A756D6F 		.ascii	"ZumoLibrary\\Motor.c\000"
 1293      4C696272 
 1293      6172795C 
 1293      4D6F746F 
 1293      722E6300 
 1294              	.LASF12:
 1295 0128 75696E74 		.ascii	"uint32\000"
 1295      333200
 1296              	.LASF34:
 1297 012f 474E5520 		.ascii	"GNU C 4.9.3 20150303 (release) [ARM/embedded-4_9-br"
 1297      4320342E 
 1297      392E3320 
 1297      32303135 
 1297      30333033 
 1298 0162 616E6368 		.ascii	"anch revision 221220] -mcpu=cortex-m3 -mthumb -g -O"
 1298      20726576 
 1298      6973696F 
 1298      6E203232 
 1298      31323230 
 1299 0195 67202D66 		.ascii	"g -ffunction-sections -ffat-lto-objects\000"
 1299      66756E63 
 1299      74696F6E 
 1299      2D736563 
 1299      74696F6E 
 1300              	.LASF8:
 1301 01bd 756E7369 		.ascii	"unsigned int\000"
 1301      676E6564 
 1301      20696E74 
 1301      00
 1302              	.LASF23:
 1303 01ca 6C5F7370 		.ascii	"l_speed\000"
 1303      65656400 
 1304              	.LASF7:
 1305 01d2 6C6F6E67 		.ascii	"long long unsigned int\000"
 1305      206C6F6E 
 1305      6720756E 
 1305      7369676E 
 1305      65642069 
 1306              	.LASF17:
 1307 01e9 6D6F746F 		.ascii	"motor_start\000"
 1307      725F7374 
 1307      61727400 
 1308              	.LASF32:
 1309 01f5 50574D5F 		.ascii	"PWM_WriteCompare1\000"
 1309      57726974 
 1309      65436F6D 
 1309      70617265 
ARM GAS  C:\Users\Oskari\AppData\Local\Temp\ccWu8Yl9.s 			page 27


 1309      3100
 1310              	.LASF33:
 1311 0207 50574D5F 		.ascii	"PWM_WriteCompare2\000"
 1311      57726974 
 1311      65436F6D 
 1311      70617265 
 1311      3200
 1312              	.LASF0:
 1313 0219 7369676E 		.ascii	"signed char\000"
 1313      65642063 
 1313      68617200 
 1314              	.LASF19:
 1315 0225 73706565 		.ascii	"speed\000"
 1315      6400
 1316              	.LASF16:
 1317 022b 73697A65 		.ascii	"sizetype\000"
 1317      74797065 
 1317      00
 1318              	.LASF6:
 1319 0234 6C6F6E67 		.ascii	"long long int\000"
 1319      206C6F6E 
 1319      6720696E 
 1319      7400
 1320              	.LASF15:
 1321 0242 63686172 		.ascii	"char\000"
 1321      00
 1322              	.LASF2:
 1323 0247 73686F72 		.ascii	"short int\000"
 1323      7420696E 
 1323      7400
 1324              	.LASF28:
 1325 0251 50574D5F 		.ascii	"PWM_Start\000"
 1325      53746172 
 1325      7400
 1326              	.LASF29:
 1327 025b 50574D5F 		.ascii	"PWM_Stop\000"
 1327      53746F70 
 1327      00
 1328              	.LASF4:
 1329 0264 6C6F6E67 		.ascii	"long int\000"
 1329      20696E74 
 1329      00
 1330              	.LASF22:
 1331 026d 6D6F746F 		.ascii	"motor_turn\000"
 1331      725F7475 
 1331      726E00
 1332              	.LASF3:
 1333 0278 73686F72 		.ascii	"short unsigned int\000"
 1333      7420756E 
 1333      7369676E 
 1333      65642069 
 1333      6E7400
 1334              	.LASF38:
 1335 028b 43794465 		.ascii	"CyDelay\000"
 1335      6C617900 
 1336              		.ident	"GCC: (GNU Tools for ARM Embedded Processors) 4.9.3 20150303 (release) [ARM/embedded-4_9-br
